<!DOCTYPE html>

<html>
  <head>
  <meta charset='utf-8'>
  <title>TestNG reports</title>

    <link type="text/css" href="testng-reports1.css" rel="stylesheet" id="ultra" />
    <link type="text/css" href="testng-reports.css" rel="stylesheet" id="retro" disabled="false"/>
    <script type="text/javascript" src="jquery-3.6.0.min.js"></script>
    <script type="text/javascript" src="testng-reports.js"></script>
    <script type="text/javascript" src="https://www.google.com/jsapi"></script>
    <script type='text/javascript'>
      google.load('visualization', '1', {packages:['table']});
      google.setOnLoadCallback(drawTable);
      var suiteTableInitFunctions = new Array();
      var suiteTableData = new Array();
    </script>
    <!--
      <script type="text/javascript" src="jquery-ui/js/jquery-ui-1.8.16.custom.min.js"></script>
     -->
  </head>

  <body>    <div class="top-banner-root">
      <span class="top-banner-title-font">Test results</span>
      <button id="button" class="button">Switch Retro Theme</button> <!-- button -->
      <br/>
      <span class="top-banner-font-1">1 suite, 8 failed tests</span>
    </div> <!-- top-banner-root -->
    <div class="navigator-root">
      <div class="navigator-suite-header">
        <span>All suites</span>
        <a href="#" title="Collapse/expand all the suites" class="collapse-all-link">
          <img src="collapseall.gif" class="collapse-all-icon">
          </img> <!-- collapse-all-icon -->
        </a> <!-- collapse-all-link -->
      </div> <!-- navigator-suite-header -->
      <div class="suite">
        <div class="rounded-window">
          <div class="suite-header light-rounded-window-top">
            <a href="#" panel-name="suite-ParallelTestSuite" class="navigator-link">
              <span class="suite-name border-failed">ParallelTestSuite</span>
            </a> <!-- navigator-link -->
          </div> <!-- suite-header light-rounded-window-top -->
          <div class="navigator-suite-content">
            <div class="suite-section-title">
              <span>Info</span>
            </div> <!-- suite-section-title -->
            <div class="suite-section-content">
              <ul>
                <li>
                  <a href="#" panel-name="test-xml-ParallelTestSuite" class="navigator-link ">
                    <span>testng.xml</span>
                  </a> <!-- navigator-link  -->
                </li>
                <li>
                  <a href="#" panel-name="testlist-ParallelTestSuite" class="navigator-link ">
                    <span class="test-stats">1 test</span>
                  </a> <!-- navigator-link  -->
                </li>
                <li>
                  <a href="#" panel-name="group-ParallelTestSuite" class="navigator-link ">
                    <span>0 groups</span>
                  </a> <!-- navigator-link  -->
                </li>
                <li>
                  <a href="#" panel-name="times-ParallelTestSuite" class="navigator-link ">
                    <span>Times</span>
                  </a> <!-- navigator-link  -->
                </li>
                <li>
                  <a href="#" panel-name="reporter-ParallelTestSuite" class="navigator-link ">
                    <span>Reporter output</span>
                  </a> <!-- navigator-link  -->
                </li>
                <li>
                  <a href="#" panel-name="ignored-methods-ParallelTestSuite" class="navigator-link ">
                    <span>Ignored methods</span>
                  </a> <!-- navigator-link  -->
                </li>
                <li>
                  <a href="#" panel-name="chronological-ParallelTestSuite" class="navigator-link ">
                    <span>Chronological view</span>
                  </a> <!-- navigator-link  -->
                </li>
              </ul>
            </div> <!-- suite-section-content -->
            <div class="result-section">
              <div class="suite-section-title">
                <span>Results</span>
              </div> <!-- suite-section-title -->
              <div class="suite-section-content">
                <ul>
                  <li>
                    <span class="method-stats">27 methods, 8 failed,  17 skipped,  2 passed</span>
                  </li>
                  <li>
                    <span class="method-list-title failed">Failed methods</span>
                    <span class="show-or-hide-methods failed">
                      <a href="#" panel-name="suite-ParallelTestSuite" class="hide-methods failed suite-ParallelTestSuite"> (hide)</a> <!-- hide-methods failed suite-ParallelTestSuite -->
                      <a href="#" panel-name="suite-ParallelTestSuite" class="show-methods failed suite-ParallelTestSuite"> (show)</a> <!-- show-methods failed suite-ParallelTestSuite -->
                    </span>
                    <div class="method-list-content failed suite-ParallelTestSuite">
                      <span>
                        <img src="failed.png" width="3%"/>
                        <a href="#" panel-name="suite-ParallelTestSuite" title="tests.CommandUpGradeSLFTest" class="method navigator-link" hash-for-method="shouldAllowManualSelectionOfCompetentOrNotYetCompetentForValue2">shouldAllowManualSelectionOfCompetentOrNotYetCompetentForValue2</a> <!-- method navigator-link -->
                      </span>
                      <br/>
                      <span>
                        <img src="failed.png" width="3%"/>
                        <a href="#" panel-name="suite-ParallelTestSuite" title="tests.CommandUpGradeSLFTest" class="method navigator-link" hash-for-method="shouldAllowNavigationFromSectorsToSyllabusAfterFillingData">shouldAllowNavigationFromSectorsToSyllabusAfterFillingData</a> <!-- method navigator-link -->
                      </span>
                      <br/>
                      <span>
                        <img src="failed.png" width="3%"/>
                        <a href="#" panel-name="suite-ParallelTestSuite" title="tests.CommandUpGradeSLFTest" class="method navigator-link" hash-for-method="shouldAutoSelectCompetentAndDisableNotYetCompetent">shouldAutoSelectCompetentAndDisableNotYetCompetent</a> <!-- method navigator-link -->
                      </span>
                      <br/>
                      <span>
                        <img src="failed.png" width="3%"/>
                        <a href="#" panel-name="suite-ParallelTestSuite" title="tests.CommandUpGradeSLFTest" class="method navigator-link" hash-for-method="shouldAutoSelectNotYetCompetentForValue1AndHandleOBs">shouldAutoSelectNotYetCompetentForValue1AndHandleOBs</a> <!-- method navigator-link -->
                      </span>
                      <br/>
                      <span>
                        <img src="failed.png" width="3%"/>
                        <a href="#" panel-name="suite-ParallelTestSuite" title="tests.CommandUpGradeSLFTest" class="method navigator-link" hash-for-method="shouldCloseDelayCommentPopupUsingCloseButtonAndXIcon">shouldCloseDelayCommentPopupUsingCloseButtonAndXIcon</a> <!-- method navigator-link -->
                      </span>
                      <br/>
                      <span>
                        <img src="failed.png" width="3%"/>
                        <a href="#" panel-name="suite-ParallelTestSuite" title="tests.CommandUpGradeSLFTest" class="method navigator-link" hash-for-method="shouldNotDeleteOnlyRowInSectorDetails">shouldNotDeleteOnlyRowInSectorDetails</a> <!-- method navigator-link -->
                      </span>
                      <br/>
                      <span>
                        <img src="failed.png" width="3%"/>
                        <a href="#" panel-name="suite-ParallelTestSuite" title="tests.CommandUpGradeSLFTest" class="method navigator-link" hash-for-method="shouldShowErrorPopupWhenAircraftTypeFieldIsEmptyOnSave">shouldShowErrorPopupWhenAircraftTypeFieldIsEmptyOnSave</a> <!-- method navigator-link -->
                      </span>
                      <br/>
                      <span>
                        <img src="failed.png" width="3%"/>
                        <a href="#" panel-name="suite-ParallelTestSuite" title="tests.CommandUpGradeSLFTest" class="method navigator-link" hash-for-method="shouldShowErrorPopupWhenFromFieldIsEmptyOnSave">shouldShowErrorPopupWhenFromFieldIsEmptyOnSave</a> <!-- method navigator-link -->
                      </span>
                      <br/>
                    </div> <!-- method-list-content failed suite-ParallelTestSuite -->
                  </li>
                  <li>
                    <span class="method-list-title skipped">Skipped methods</span>
                    <span class="show-or-hide-methods skipped">
                      <a href="#" panel-name="suite-ParallelTestSuite" class="hide-methods skipped suite-ParallelTestSuite"> (hide)</a> <!-- hide-methods skipped suite-ParallelTestSuite -->
                      <a href="#" panel-name="suite-ParallelTestSuite" class="show-methods skipped suite-ParallelTestSuite"> (show)</a> <!-- show-methods skipped suite-ParallelTestSuite -->
                    </span>
                    <div class="method-list-content skipped suite-ParallelTestSuite">
                      <span>
                        <img src="skipped.png" width="3%"/>
                        <a href="#" panel-name="suite-ParallelTestSuite" title="tests.CommandUpGradeSLFTest" class="method navigator-link" hash-for-method="shouldShowErrorPopupWhenDurationFieldIsEmpty">shouldShowErrorPopupWhenDurationFieldIsEmpty</a> <!-- method navigator-link -->
                      </span>
                      <br/>
                      <span>
                        <img src="skipped.png" width="3%"/>
                        <a href="#" panel-name="suite-ParallelTestSuite" title="tests.CommandUpGradeSLFTest" class="method navigator-link" hash-for-method="shouldShowErrorPopupWhenNavigatingFromManageSectorsToSyllabusWithoutCompletingFields">shouldShowErrorPopupWhenNavigatingFromManageSectorsToSyllabusWithoutCompletingFields</a> <!-- method navigator-link -->
                      </span>
                      <br/>
                      <span>
                        <img src="skipped.png" width="3%"/>
                        <a href="#" panel-name="suite-ParallelTestSuite" title="tests.CommandUpGradeSLFTest" class="method navigator-link" hash-for-method="shouldShowErrorPopupWhenPMorPFNotSelectedOnSave">shouldShowErrorPopupWhenPMorPFNotSelectedOnSave</a> <!-- method navigator-link -->
                      </span>
                      <br/>
                      <span>
                        <img src="skipped.png" width="3%"/>
                        <a href="#" panel-name="suite-ParallelTestSuite" title="tests.CommandUpGradeSLFTest" class="method navigator-link" hash-for-method="shouldShowErrorPopupWhenRegNoFieldIsEmptyOnSave">shouldShowErrorPopupWhenRegNoFieldIsEmptyOnSave</a> <!-- method navigator-link -->
                      </span>
                      <br/>
                      <span>
                        <img src="skipped.png" width="3%"/>
                        <a href="#" panel-name="suite-ParallelTestSuite" title="tests.CommandUpGradeSLFTest" class="method navigator-link" hash-for-method="shouldShowErrorPopupWhenSwitchingFromGradingToOutcomeWithoutSaving">shouldShowErrorPopupWhenSwitchingFromGradingToOutcomeWithoutSaving</a> <!-- method navigator-link -->
                      </span>
                      <br/>
                      <span>
                        <img src="skipped.png" width="3%"/>
                        <a href="#" panel-name="suite-ParallelTestSuite" title="tests.CommandUpGradeSLFTest" class="method navigator-link" hash-for-method="shouldShowErrorPopupWhenToFieldIsEmptyOnSave">shouldShowErrorPopupWhenToFieldIsEmptyOnSave</a> <!-- method navigator-link -->
                      </span>
                      <br/>
                      <span>
                        <img src="skipped.png" width="3%"/>
                        <a href="#" panel-name="suite-ParallelTestSuite" title="tests.CommandUpGradeSLFTest" class="method navigator-link" hash-for-method="shouldShowErrorWhenAddingCommentsWithoutSelectingOBs">shouldShowErrorWhenAddingCommentsWithoutSelectingOBs</a> <!-- method navigator-link -->
                      </span>
                      <br/>
                      <span>
                        <img src="skipped.png" width="3%"/>
                        <a href="#" panel-name="suite-ParallelTestSuite" title="tests.CommandUpGradeSLFTest" class="method navigator-link" hash-for-method="shouldShowErrorWhenDelayCommentIsEmpty">shouldShowErrorWhenDelayCommentIsEmpty</a> <!-- method navigator-link -->
                      </span>
                      <br/>
                      <span>
                        <img src="skipped.png" width="3%"/>
                        <a href="#" panel-name="suite-ParallelTestSuite" title="tests.CommandUpGradeSLFTest" class="method navigator-link" hash-for-method="shouldShowPopupWhenSyllabusToggleIsDefaultOnNext">shouldShowPopupWhenSyllabusToggleIsDefaultOnNext</a> <!-- method navigator-link -->
                      </span>
                      <br/>
                      <span>
                        <img src="skipped.png" width="3%"/>
                        <a href="#" panel-name="suite-ParallelTestSuite" title="tests.CommandUpGradeSLFTest" class="method navigator-link" hash-for-method="validateCommentRequirementAndRadioSelectionAcrossAllSections">validateCommentRequirementAndRadioSelectionAcrossAllSections</a> <!-- method navigator-link -->
                      </span>
                      <br/>
                      <span>
                        <img src="skipped.png" width="3%"/>
                        <a href="#" panel-name="suite-ParallelTestSuite" title="tests.CommandUpGradeSLFTest" class="method navigator-link" hash-for-method="validateDataSubmissionPopup">validateDataSubmissionPopup</a> <!-- method navigator-link -->
                      </span>
                      <br/>
                      <span>
                        <img src="skipped.png" width="3%"/>
                        <a href="#" panel-name="suite-ParallelTestSuite" title="tests.CommandUpGradeSLFTest" class="method navigator-link" hash-for-method="validateErrorWhenNoCompetentSelectionAfterAddingOBs">validateErrorWhenNoCompetentSelectionAfterAddingOBs</a> <!-- method navigator-link -->
                      </span>
                      <br/>
                      <span>
                        <img src="skipped.png" width="3%"/>
                        <a href="#" panel-name="suite-ParallelTestSuite" title="tests.CommandUpGradeSLFTest" class="method navigator-link" hash-for-method="validateMandatoryOverallCommentsForNotYetCompetent">validateMandatoryOverallCommentsForNotYetCompetent</a> <!-- method navigator-link -->
                      </span>
                      <br/>
                      <span>
                        <img src="skipped.png" width="3%"/>
                        <a href="#" panel-name="suite-ParallelTestSuite" title="tests.CommandUpGradeSLFTest" class="method navigator-link" hash-for-method="validateMandatoryQualificationDropdown">validateMandatoryQualificationDropdown</a> <!-- method navigator-link -->
                      </span>
                      <br/>
                      <span>
                        <img src="skipped.png" width="3%"/>
                        <a href="#" panel-name="suite-ParallelTestSuite" title="tests.CommandUpGradeSLFTest" class="method navigator-link" hash-for-method="validatePleaseEnterDuration">validatePleaseEnterDuration</a> <!-- method navigator-link -->
                      </span>
                      <br/>
                      <span>
                        <img src="skipped.png" width="3%"/>
                        <a href="#" panel-name="suite-ParallelTestSuite" title="tests.CommandUpGradeSLFTest" class="method navigator-link" hash-for-method="validateSignCanvas">validateSignCanvas</a> <!-- method navigator-link -->
                      </span>
                      <br/>
                      <span>
                        <img src="skipped.png" width="3%"/>
                        <a href="#" panel-name="suite-ParallelTestSuite" title="tests.CommandUpGradeSLFTest" class="method navigator-link" hash-for-method="verifyDeleteFunctionalityForMultipleSectors">verifyDeleteFunctionalityForMultipleSectors</a> <!-- method navigator-link -->
                      </span>
                      <br/>
                    </div> <!-- method-list-content skipped suite-ParallelTestSuite -->
                  </li>
                  <li>
                    <span class="method-list-title passed">Passed methods</span>
                    <span class="show-or-hide-methods passed">
                      <a href="#" panel-name="suite-ParallelTestSuite" class="hide-methods passed suite-ParallelTestSuite"> (hide)</a> <!-- hide-methods passed suite-ParallelTestSuite -->
                      <a href="#" panel-name="suite-ParallelTestSuite" class="show-methods passed suite-ParallelTestSuite"> (show)</a> <!-- show-methods passed suite-ParallelTestSuite -->
                    </span>
                    <div class="method-list-content passed suite-ParallelTestSuite">
                      <span>
                        <img src="passed.png" width="3%"/>
                        <a href="#" panel-name="suite-ParallelTestSuite" title="tests.CommandUpGradeSLFTest" class="method navigator-link" hash-for-method="shouldNotAllowFormSubmissionWhenTotalSectorsExceedsFifteen">shouldNotAllowFormSubmissionWhenTotalSectorsExceedsFifteen</a> <!-- method navigator-link -->
                      </span>
                      <br/>
                      <span>
                        <img src="passed.png" width="3%"/>
                        <a href="#" panel-name="suite-ParallelTestSuite" title="tests.CommandUpGradeSLFTest" class="method navigator-link" hash-for-method="shouldShowDeletePopupForMultipleSectors">shouldShowDeletePopupForMultipleSectors</a> <!-- method navigator-link -->
                      </span>
                      <br/>
                    </div> <!-- method-list-content passed suite-ParallelTestSuite -->
                  </li>
                </ul>
              </div> <!-- suite-section-content -->
            </div> <!-- result-section -->
          </div> <!-- navigator-suite-content -->
        </div> <!-- rounded-window -->
      </div> <!-- suite -->
    </div> <!-- navigator-root -->
    <div class="wrapper">
      <div class="main-panel-root">
        <div panel-name="suite-ParallelTestSuite" class="panel ParallelTestSuite">
          <div class="suite-ParallelTestSuite-class-failed">
            <div class="main-panel-header rounded-window-top">
              <img src="failed.png"/>
              <span class="class-name">tests.CommandUpGradeSLFTest</span>
            </div> <!-- main-panel-header rounded-window-top -->
            <div class="main-panel-content rounded-window-bottom">
              <div class="method">
                <div class="method-content">
                  <a name="shouldAllowManualSelectionOfCompetentOrNotYetCompetentForValue2">
                  </a> <!-- shouldAllowManualSelectionOfCompetentOrNotYetCompetentForValue2 -->
                  <span class="method-name">shouldAllowManualSelectionOfCompetentOrNotYetCompetentForValue2</span>
                  <div class="stack-trace">org.openqa.selenium.NoSuchElementException: no such element: Unable to locate element: {&quot;method&quot;:&quot;xpath&quot;,&quot;selector&quot;:&quot;//button[@id=&apos;eventGrading&apos;]&quot;}
  (Session info: chrome=108.0.5359.124)
For documentation on this error, please visit: https://www.selenium.dev/documentation/webdriver/troubleshooting/errors#no-such-element-exception
Build info: version: &apos;4.35.0&apos;, revision: &apos;1c58e5028b&apos;
System info: os.name: &apos;Mac OS X&apos;, os.arch: &apos;x86_64&apos;, os.version: &apos;15.6.1&apos;, java.version: &apos;21.0.8&apos;
Driver info: org.openqa.selenium.remote.RemoteWebDriver
Command: [ae9a1a4489ff4609c234fce9ea8eab7d, findElement {value=//button[@id=&apos;eventGrading&apos;], using=xpath}]
Capabilities {acceptInsecureCerts: false, browserName: chrome, browserVersion: 108.0.5359.124, chrome: {chromedriverVersion: 108.0.5359.71 (1e0e3868ee06..., userDataDir: /tmp/.com.google.Chrome.Oc3qAW}, goog:chromeOptions: {debuggerAddress: localhost:33809}, networkConnectionEnabled: false, pageLoadStrategy: normal, platformName: linux, proxy: Proxy(), se:bidiEnabled: false, se:cdp: ws://172.18.0.3:4444/sessio..., se:cdpVersion: 108.0.5359.124, se:vnc: ws://172.18.0.3:4444/sessio..., se:vncEnabled: true, se:vncLocalAddress: ws://172.18.0.3:7900, setWindowRect: true, strictFileInteractability: false, timeouts: {implicit: 0, pageLoad: 300000, script: 30000}, unhandledPromptBehavior: dismiss and notify, webauthn:extension:credBlob: true, webauthn:extension:largeBlob: true, webauthn:virtualAuthenticators: true}
Session ID: ae9a1a4489ff4609c234fce9ea8eab7d
	at org.openqa.selenium.remote.ErrorCodec.decode(ErrorCodec.java:167)
	at org.openqa.selenium.remote.codec.w3c.W3CHttpResponseCodec.decode(W3CHttpResponseCodec.java:138)
	at org.openqa.selenium.remote.codec.w3c.W3CHttpResponseCodec.decode(W3CHttpResponseCodec.java:50)
	at org.openqa.selenium.remote.HttpCommandExecutor.execute(HttpCommandExecutor.java:215)
	at org.openqa.selenium.remote.TracedCommandExecutor.execute(TracedCommandExecutor.java:53)
	at org.openqa.selenium.remote.RemoteWebDriver.execute(RemoteWebDriver.java:557)
	at org.openqa.selenium.remote.ElementLocation$ElementFinder$2.findElement(ElementLocation.java:165)
	at org.openqa.selenium.remote.ElementLocation.findElement(ElementLocation.java:59)
	at org.openqa.selenium.remote.RemoteWebDriver.findElement(RemoteWebDriver.java:380)
	at org.openqa.selenium.remote.RemoteWebDriver.findElement(RemoteWebDriver.java:374)
	at org.openqa.selenium.support.pagefactory.DefaultElementLocator.findElement(DefaultElementLocator.java:68)
	at org.openqa.selenium.support.pagefactory.internal.LocatingElementHandler.invoke(LocatingElementHandler.java:38)
	at jdk.proxy2/jdk.proxy2.$Proxy15.getText(Unknown Source)
	at commandUpgradeSLFPages.CommandUpgradeSLFTraineeGradingSallabusPage.clickNextButton(CommandUpgradeSLFTraineeGradingSallabusPage.java:73)
	at tests.CommandUpGradeSLFTest.shouldAllowManualSelectionOfCompetentOrNotYetCompetentForValue2(CommandUpGradeSLFTest.java:427)
	at java.base/java.util.concurrent.Executors$RunnableAdapter.call(Executors.java:572)
	at java.base/java.util.concurrent.FutureTask.run(FutureTask.java:317)
	at java.base/java.util.concurrent.ThreadPoolExecutor.runWorker(ThreadPoolExecutor.java:1144)
	at java.base/java.util.concurrent.ThreadPoolExecutor$Worker.run(ThreadPoolExecutor.java:642)
	at java.base/java.lang.Thread.run(Thread.java:1583)
... Removed 14 stack frames
</div> <!-- stack-trace -->
                  <em>
(Validate manual selection of Competent/Not Yet Competent for value 2 in any section)                  </em>
                </div> <!-- method-content -->
              </div> <!-- method -->
              <div class="method">
                <div class="method-content">
                  <a name="shouldAllowNavigationFromSectorsToSyllabusAfterFillingData">
                  </a> <!-- shouldAllowNavigationFromSectorsToSyllabusAfterFillingData -->
                  <span class="method-name">shouldAllowNavigationFromSectorsToSyllabusAfterFillingData</span>
                  <div class="stack-trace">java.lang.RuntimeException: Failed to click GradeButton after 10 retries.
	at commonPages.TraineeGradingPage.clickOnGradeButtonWithRetries(TraineeGradingPage.java:115)
	at tests.CommandUpGradeSLFTest.shouldAllowNavigationFromSectorsToSyllabusAfterFillingData(CommandUpGradeSLFTest.java:330)
	at java.base/java.util.concurrent.Executors$RunnableAdapter.call(Executors.java:572)
	at java.base/java.util.concurrent.FutureTask.run(FutureTask.java:317)
	at java.base/java.util.concurrent.ThreadPoolExecutor.runWorker(ThreadPoolExecutor.java:1144)
	at java.base/java.util.concurrent.ThreadPoolExecutor$Worker.run(ThreadPoolExecutor.java:642)
	at java.base/java.lang.Thread.run(Thread.java:1583)
... Removed 11 stack frames
</div> <!-- stack-trace -->
                  <em>
(Verify no action when deleting the only row in Sector Details)                  </em>
                </div> <!-- method-content -->
              </div> <!-- method -->
              <div class="method">
                <div class="method-content">
                  <a name="shouldAutoSelectCompetentAndDisableNotYetCompetent">
                  </a> <!-- shouldAutoSelectCompetentAndDisableNotYetCompetent -->
                  <span class="method-name">shouldAutoSelectCompetentAndDisableNotYetCompetent</span>
                  <div class="stack-trace">org.openqa.selenium.TimeoutException: Expected condition failed: waiting for visibility of Proxy element for: DefaultElementLocator &apos;By.xpath: //td[text()=&apos;Dep Date:&apos;]&apos; (tried for 30 second(s) with 500 milliseconds interval)
	at org.openqa.selenium.support.ui.WebDriverWait.timeoutException(WebDriverWait.java:84)
	at org.openqa.selenium.support.ui.FluentWait.until(FluentWait.java:228)
	at utils.SeleniumUtils.waitForVisibility(SeleniumUtils.java:32)
	at commandUpgradeSLFPages.CommandUpgradeSLFTraineeGradingMangeSectorPage.selectNoOfSectors(CommandUpgradeSLFTraineeGradingMangeSectorPage.java:219)
	at tests.CommandUpGradeSLFTest.shouldAutoSelectCompetentAndDisableNotYetCompetent(CommandUpGradeSLFTest.java:392)
	at java.base/java.util.concurrent.Executors$RunnableAdapter.call(Executors.java:572)
	at java.base/java.util.concurrent.FutureTask.run(FutureTask.java:317)
	at java.base/java.util.concurrent.ThreadPoolExecutor.runWorker(ThreadPoolExecutor.java:1144)
	at java.base/java.util.concurrent.ThreadPoolExecutor$Worker.run(ThreadPoolExecutor.java:642)
	at java.base/java.lang.Thread.run(Thread.java:1583)
Caused by: org.openqa.selenium.NoSuchElementException: no such element: Unable to locate element: {&quot;method&quot;:&quot;xpath&quot;,&quot;selector&quot;:&quot;//td[text()=&apos;Dep Date:&apos;]&quot;}
  (Session info: chrome=108.0.5359.124)
For documentation on this error, please visit: https://www.selenium.dev/documentation/webdriver/troubleshooting/errors#no-such-element-exception
Build info: version: &apos;4.35.0&apos;, revision: &apos;1c58e5028b&apos;
System info: os.name: &apos;Mac OS X&apos;, os.arch: &apos;x86_64&apos;, os.version: &apos;15.6.1&apos;, java.version: &apos;21.0.8&apos;
Driver info: org.openqa.selenium.remote.RemoteWebDriver
Command: [85b215e43eab7cc085163a4126db2586, findElement {value=//td[text()=&apos;Dep Date:&apos;], using=xpath}]
Capabilities {acceptInsecureCerts: false, browserName: chrome, browserVersion: 108.0.5359.124, chrome: {chromedriverVersion: 108.0.5359.71 (1e0e3868ee06..., userDataDir: /tmp/.com.google.Chrome.kBdCHK}, goog:chromeOptions: {debuggerAddress: localhost:34781}, networkConnectionEnabled: false, pageLoadStrategy: normal, platformName: linux, proxy: Proxy(), se:bidiEnabled: false, se:cdp: ws://172.18.0.4:4444/sessio..., se:cdpVersion: 108.0.5359.124, se:vnc: ws://172.18.0.4:4444/sessio..., se:vncEnabled: true, se:vncLocalAddress: ws://172.18.0.4:7900, setWindowRect: true, strictFileInteractability: false, timeouts: {implicit: 0, pageLoad: 300000, script: 30000}, unhandledPromptBehavior: dismiss and notify, webauthn:extension:credBlob: true, webauthn:extension:largeBlob: true, webauthn:virtualAuthenticators: true}
Session ID: 85b215e43eab7cc085163a4126db2586
	at org.openqa.selenium.remote.ErrorCodec.decode(ErrorCodec.java:167)
	at org.openqa.selenium.remote.codec.w3c.W3CHttpResponseCodec.decode(W3CHttpResponseCodec.java:138)
	at org.openqa.selenium.remote.codec.w3c.W3CHttpResponseCodec.decode(W3CHttpResponseCodec.java:50)
	at org.openqa.selenium.remote.HttpCommandExecutor.execute(HttpCommandExecutor.java:215)
	at org.openqa.selenium.remote.TracedCommandExecutor.execute(TracedCommandExecutor.java:53)
	at org.openqa.selenium.remote.RemoteWebDriver.execute(RemoteWebDriver.java:557)
	at org.openqa.selenium.remote.ElementLocation$ElementFinder$2.findElement(ElementLocation.java:165)
	at org.openqa.selenium.remote.ElementLocation.findElement(ElementLocation.java:59)
	at org.openqa.selenium.remote.RemoteWebDriver.findElement(RemoteWebDriver.java:380)
	at org.openqa.selenium.remote.RemoteWebDriver.findElement(RemoteWebDriver.java:374)
	at org.openqa.selenium.support.pagefactory.DefaultElementLocator.findElement(DefaultElementLocator.java:68)
	at org.openqa.selenium.support.pagefactory.internal.LocatingElementHandler.invoke(LocatingElementHandler.java:38)
	at jdk.proxy2/jdk.proxy2.$Proxy15.isDisplayed(Unknown Source)
	at org.openqa.selenium.support.ui.ExpectedConditions.elementIfVisible(ExpectedConditions.java:304)
	at org.openqa.selenium.support.ui.ExpectedConditions$10.apply(ExpectedConditions.java:290)
	at org.openqa.selenium.support.ui.ExpectedConditions$10.apply(ExpectedConditions.java:287)
	at org.openqa.selenium.support.ui.FluentWait.until(FluentWait.java:203)
	... 19 more
... Removed 14 stack frames
</div> <!-- stack-trace -->
                  <em>
(Verify Competent radio auto-selected and Not Yet Competent disabled)                  </em>
                </div> <!-- method-content -->
              </div> <!-- method -->
              <div class="method">
                <div class="method-content">
                  <a name="shouldAutoSelectNotYetCompetentForValue1AndHandleOBs">
                  </a> <!-- shouldAutoSelectNotYetCompetentForValue1AndHandleOBs -->
                  <span class="method-name">shouldAutoSelectNotYetCompetentForValue1AndHandleOBs</span>
                  <div class="stack-trace">org.openqa.selenium.TimeoutException: Expected condition failed: waiting for visibility of Proxy element for: DefaultElementLocator &apos;By.xpath: //td[text()=&apos;Dep Date:&apos;]&apos; (tried for 30 second(s) with 500 milliseconds interval)
	at org.openqa.selenium.support.ui.WebDriverWait.timeoutException(WebDriverWait.java:84)
	at org.openqa.selenium.support.ui.FluentWait.until(FluentWait.java:228)
	at utils.SeleniumUtils.waitForVisibility(SeleniumUtils.java:32)
	at commandUpgradeSLFPages.CommandUpgradeSLFTraineeGradingMangeSectorPage.selectNoOfSectors(CommandUpgradeSLFTraineeGradingMangeSectorPage.java:219)
	at tests.CommandUpGradeSLFTest.shouldAutoSelectNotYetCompetentForValue1AndHandleOBs(CommandUpGradeSLFTest.java:447)
	at java.base/java.util.concurrent.Executors$RunnableAdapter.call(Executors.java:572)
	at java.base/java.util.concurrent.FutureTask.run(FutureTask.java:317)
	at java.base/java.util.concurrent.ThreadPoolExecutor.runWorker(ThreadPoolExecutor.java:1144)
	at java.base/java.util.concurrent.ThreadPoolExecutor$Worker.run(ThreadPoolExecutor.java:642)
	at java.base/java.lang.Thread.run(Thread.java:1583)
Caused by: org.openqa.selenium.NoSuchElementException: no such element: Unable to locate element: {&quot;method&quot;:&quot;xpath&quot;,&quot;selector&quot;:&quot;//td[text()=&apos;Dep Date:&apos;]&quot;}
  (Session info: chrome=108.0.5359.124)
For documentation on this error, please visit: https://www.selenium.dev/documentation/webdriver/troubleshooting/errors#no-such-element-exception
Build info: version: &apos;4.35.0&apos;, revision: &apos;1c58e5028b&apos;
System info: os.name: &apos;Mac OS X&apos;, os.arch: &apos;x86_64&apos;, os.version: &apos;15.6.1&apos;, java.version: &apos;21.0.8&apos;
Driver info: org.openqa.selenium.remote.RemoteWebDriver
Command: [4536b5ecf2e018cbe281fd7e74922430, findElement {value=//td[text()=&apos;Dep Date:&apos;], using=xpath}]
Capabilities {acceptInsecureCerts: false, browserName: chrome, browserVersion: 108.0.5359.124, chrome: {chromedriverVersion: 108.0.5359.71 (1e0e3868ee06..., userDataDir: /tmp/.com.google.Chrome.6uCPyJ}, goog:chromeOptions: {debuggerAddress: localhost:38379}, networkConnectionEnabled: false, pageLoadStrategy: normal, platformName: linux, proxy: Proxy(), se:bidiEnabled: false, se:cdp: ws://172.18.0.5:4444/sessio..., se:cdpVersion: 108.0.5359.124, se:vnc: ws://172.18.0.5:4444/sessio..., se:vncEnabled: true, se:vncLocalAddress: ws://172.18.0.5:7900, setWindowRect: true, strictFileInteractability: false, timeouts: {implicit: 0, pageLoad: 300000, script: 30000}, unhandledPromptBehavior: dismiss and notify, webauthn:extension:credBlob: true, webauthn:extension:largeBlob: true, webauthn:virtualAuthenticators: true}
Session ID: 4536b5ecf2e018cbe281fd7e74922430
	at org.openqa.selenium.remote.ErrorCodec.decode(ErrorCodec.java:167)
	at org.openqa.selenium.remote.codec.w3c.W3CHttpResponseCodec.decode(W3CHttpResponseCodec.java:138)
	at org.openqa.selenium.remote.codec.w3c.W3CHttpResponseCodec.decode(W3CHttpResponseCodec.java:50)
	at org.openqa.selenium.remote.HttpCommandExecutor.execute(HttpCommandExecutor.java:215)
	at org.openqa.selenium.remote.TracedCommandExecutor.execute(TracedCommandExecutor.java:53)
	at org.openqa.selenium.remote.RemoteWebDriver.execute(RemoteWebDriver.java:557)
	at org.openqa.selenium.remote.ElementLocation$ElementFinder$2.findElement(ElementLocation.java:165)
	at org.openqa.selenium.remote.ElementLocation.findElement(ElementLocation.java:59)
	at org.openqa.selenium.remote.RemoteWebDriver.findElement(RemoteWebDriver.java:380)
	at org.openqa.selenium.remote.RemoteWebDriver.findElement(RemoteWebDriver.java:374)
	at org.openqa.selenium.support.pagefactory.DefaultElementLocator.findElement(DefaultElementLocator.java:68)
	at org.openqa.selenium.support.pagefactory.internal.LocatingElementHandler.invoke(LocatingElementHandler.java:38)
	at jdk.proxy2/jdk.proxy2.$Proxy15.isDisplayed(Unknown Source)
	at org.openqa.selenium.support.ui.ExpectedConditions.elementIfVisible(ExpectedConditions.java:304)
	at org.openqa.selenium.support.ui.ExpectedConditions$10.apply(ExpectedConditions.java:290)
	at org.openqa.selenium.support.ui.ExpectedConditions$10.apply(ExpectedConditions.java:287)
	at org.openqa.selenium.support.ui.FluentWait.until(FluentWait.java:203)
	... 19 more
... Removed 14 stack frames
</div> <!-- stack-trace -->
                  <em>
(Validate auto-selection of Not Yet Competent for value 1 in any section)                  </em>
                </div> <!-- method-content -->
              </div> <!-- method -->
              <div class="method">
                <div class="method-content">
                  <a name="shouldCloseDelayCommentPopupUsingCloseButtonAndXIcon">
                  </a> <!-- shouldCloseDelayCommentPopupUsingCloseButtonAndXIcon -->
                  <span class="method-name">shouldCloseDelayCommentPopupUsingCloseButtonAndXIcon</span>
                  <div class="stack-trace">org.openqa.selenium.TimeoutException: Expected condition failed: waiting for visibility of Proxy element for: DefaultElementLocator &apos;By.xpath: //td[text()=&apos;Dep Date:&apos;]&apos; (tried for 30 second(s) with 500 milliseconds interval)
	at org.openqa.selenium.support.ui.WebDriverWait.timeoutException(WebDriverWait.java:84)
	at org.openqa.selenium.support.ui.FluentWait.until(FluentWait.java:228)
	at utils.SeleniumUtils.waitForVisibility(SeleniumUtils.java:32)
	at commandUpgradeSLFPages.CommandUpgradeSLFTraineeGradingMangeSectorPage.selectNoOfSectors(CommandUpgradeSLFTraineeGradingMangeSectorPage.java:219)
	at tests.CommandUpGradeSLFTest.shouldCloseDelayCommentPopupUsingCloseButtonAndXIcon(CommandUpGradeSLFTest.java:709)
	at java.base/java.util.concurrent.Executors$RunnableAdapter.call(Executors.java:572)
	at java.base/java.util.concurrent.FutureTask.run(FutureTask.java:317)
	at java.base/java.util.concurrent.ThreadPoolExecutor.runWorker(ThreadPoolExecutor.java:1144)
	at java.base/java.util.concurrent.ThreadPoolExecutor$Worker.run(ThreadPoolExecutor.java:642)
	at java.base/java.lang.Thread.run(Thread.java:1583)
Caused by: org.openqa.selenium.NoSuchElementException: no such element: Unable to locate element: {&quot;method&quot;:&quot;xpath&quot;,&quot;selector&quot;:&quot;//td[text()=&apos;Dep Date:&apos;]&quot;}
  (Session info: chrome=108.0.5359.124)
For documentation on this error, please visit: https://www.selenium.dev/documentation/webdriver/troubleshooting/errors#no-such-element-exception
Build info: version: &apos;4.35.0&apos;, revision: &apos;1c58e5028b&apos;
System info: os.name: &apos;Mac OS X&apos;, os.arch: &apos;x86_64&apos;, os.version: &apos;15.6.1&apos;, java.version: &apos;21.0.8&apos;
Driver info: org.openqa.selenium.remote.RemoteWebDriver
Command: [7becd959522b4e614c38c7081c1d18ee, findElement {value=//td[text()=&apos;Dep Date:&apos;], using=xpath}]
Capabilities {acceptInsecureCerts: false, browserName: chrome, browserVersion: 108.0.5359.124, chrome: {chromedriverVersion: 108.0.5359.71 (1e0e3868ee06..., userDataDir: /tmp/.com.google.Chrome.jZ9uHM}, goog:chromeOptions: {debuggerAddress: localhost:42711}, networkConnectionEnabled: false, pageLoadStrategy: normal, platformName: linux, proxy: Proxy(), se:bidiEnabled: false, se:cdp: ws://172.18.0.4:4444/sessio..., se:cdpVersion: 108.0.5359.124, se:vnc: ws://172.18.0.4:4444/sessio..., se:vncEnabled: true, se:vncLocalAddress: ws://172.18.0.4:7900, setWindowRect: true, strictFileInteractability: false, timeouts: {implicit: 0, pageLoad: 300000, script: 30000}, unhandledPromptBehavior: dismiss and notify, webauthn:extension:credBlob: true, webauthn:extension:largeBlob: true, webauthn:virtualAuthenticators: true}
Session ID: 7becd959522b4e614c38c7081c1d18ee
	at org.openqa.selenium.remote.ErrorCodec.decode(ErrorCodec.java:167)
	at org.openqa.selenium.remote.codec.w3c.W3CHttpResponseCodec.decode(W3CHttpResponseCodec.java:138)
	at org.openqa.selenium.remote.codec.w3c.W3CHttpResponseCodec.decode(W3CHttpResponseCodec.java:50)
	at org.openqa.selenium.remote.HttpCommandExecutor.execute(HttpCommandExecutor.java:215)
	at org.openqa.selenium.remote.TracedCommandExecutor.execute(TracedCommandExecutor.java:53)
	at org.openqa.selenium.remote.RemoteWebDriver.execute(RemoteWebDriver.java:557)
	at org.openqa.selenium.remote.ElementLocation$ElementFinder$2.findElement(ElementLocation.java:165)
	at org.openqa.selenium.remote.ElementLocation.findElement(ElementLocation.java:59)
	at org.openqa.selenium.remote.RemoteWebDriver.findElement(RemoteWebDriver.java:380)
	at org.openqa.selenium.remote.RemoteWebDriver.findElement(RemoteWebDriver.java:374)
	at org.openqa.selenium.support.pagefactory.DefaultElementLocator.findElement(DefaultElementLocator.java:68)
	at org.openqa.selenium.support.pagefactory.internal.LocatingElementHandler.invoke(LocatingElementHandler.java:38)
	at jdk.proxy2/jdk.proxy2.$Proxy15.isDisplayed(Unknown Source)
	at org.openqa.selenium.support.ui.ExpectedConditions.elementIfVisible(ExpectedConditions.java:304)
	at org.openqa.selenium.support.ui.ExpectedConditions$10.apply(ExpectedConditions.java:290)
	at org.openqa.selenium.support.ui.ExpectedConditions$10.apply(ExpectedConditions.java:287)
	at org.openqa.selenium.support.ui.FluentWait.until(FluentWait.java:203)
	... 19 more
... Removed 14 stack frames
</div> <!-- stack-trace -->
                  <em>
(Validate Close button and X icon functionality on Delay Comment popup)                  </em>
                </div> <!-- method-content -->
              </div> <!-- method -->
              <div class="method">
                <div class="method-content">
                  <a name="shouldNotDeleteOnlyRowInSectorDetails">
                  </a> <!-- shouldNotDeleteOnlyRowInSectorDetails -->
                  <span class="method-name">shouldNotDeleteOnlyRowInSectorDetails</span>
                  <div class="stack-trace">org.openqa.selenium.TimeoutException: Expected condition failed: waiting for visibility of Proxy element for: DefaultElementLocator &apos;By.xpath: //td[text()=&apos;Dep Date:&apos;]&apos; (tried for 30 second(s) with 500 milliseconds interval)
	at org.openqa.selenium.support.ui.WebDriverWait.timeoutException(WebDriverWait.java:84)
	at org.openqa.selenium.support.ui.FluentWait.until(FluentWait.java:228)
	at utils.SeleniumUtils.waitForVisibility(SeleniumUtils.java:32)
	at commandUpgradeSLFPages.CommandUpgradeSLFTraineeGradingMangeSectorPage.selectNoOfSectors(CommandUpgradeSLFTraineeGradingMangeSectorPage.java:219)
	at tests.CommandUpGradeSLFTest.shouldNotDeleteOnlyRowInSectorDetails(CommandUpGradeSLFTest.java:316)
	at java.base/java.util.concurrent.Executors$RunnableAdapter.call(Executors.java:572)
	at java.base/java.util.concurrent.FutureTask.run(FutureTask.java:317)
	at java.base/java.util.concurrent.ThreadPoolExecutor.runWorker(ThreadPoolExecutor.java:1144)
	at java.base/java.util.concurrent.ThreadPoolExecutor$Worker.run(ThreadPoolExecutor.java:642)
	at java.base/java.lang.Thread.run(Thread.java:1583)
Caused by: org.openqa.selenium.NoSuchElementException: no such element: Unable to locate element: {&quot;method&quot;:&quot;xpath&quot;,&quot;selector&quot;:&quot;//td[text()=&apos;Dep Date:&apos;]&quot;}
  (Session info: chrome=108.0.5359.124)
For documentation on this error, please visit: https://www.selenium.dev/documentation/webdriver/troubleshooting/errors#no-such-element-exception
Build info: version: &apos;4.35.0&apos;, revision: &apos;1c58e5028b&apos;
System info: os.name: &apos;Mac OS X&apos;, os.arch: &apos;x86_64&apos;, os.version: &apos;15.6.1&apos;, java.version: &apos;21.0.8&apos;
Driver info: org.openqa.selenium.remote.RemoteWebDriver
Command: [b4ce38bd363503d6b9cbd68413950c74, findElement {value=//td[text()=&apos;Dep Date:&apos;], using=xpath}]
Capabilities {acceptInsecureCerts: false, browserName: chrome, browserVersion: 108.0.5359.124, chrome: {chromedriverVersion: 108.0.5359.71 (1e0e3868ee06..., userDataDir: /tmp/.com.google.Chrome.pTIOCl}, goog:chromeOptions: {debuggerAddress: localhost:36643}, networkConnectionEnabled: false, pageLoadStrategy: normal, platformName: linux, proxy: Proxy(), se:bidiEnabled: false, se:cdp: ws://172.18.0.5:4444/sessio..., se:cdpVersion: 108.0.5359.124, se:vnc: ws://172.18.0.5:4444/sessio..., se:vncEnabled: true, se:vncLocalAddress: ws://172.18.0.5:7900, setWindowRect: true, strictFileInteractability: false, timeouts: {implicit: 0, pageLoad: 300000, script: 30000}, unhandledPromptBehavior: dismiss and notify, webauthn:extension:credBlob: true, webauthn:extension:largeBlob: true, webauthn:virtualAuthenticators: true}
Session ID: b4ce38bd363503d6b9cbd68413950c74
	at org.openqa.selenium.remote.ErrorCodec.decode(ErrorCodec.java:167)
	at org.openqa.selenium.remote.codec.w3c.W3CHttpResponseCodec.decode(W3CHttpResponseCodec.java:138)
	at org.openqa.selenium.remote.codec.w3c.W3CHttpResponseCodec.decode(W3CHttpResponseCodec.java:50)
	at org.openqa.selenium.remote.HttpCommandExecutor.execute(HttpCommandExecutor.java:215)
	at org.openqa.selenium.remote.TracedCommandExecutor.execute(TracedCommandExecutor.java:53)
	at org.openqa.selenium.remote.RemoteWebDriver.execute(RemoteWebDriver.java:557)
	at org.openqa.selenium.remote.ElementLocation$ElementFinder$2.findElement(ElementLocation.java:165)
	at org.openqa.selenium.remote.ElementLocation.findElement(ElementLocation.java:59)
	at org.openqa.selenium.remote.RemoteWebDriver.findElement(RemoteWebDriver.java:380)
	at org.openqa.selenium.remote.RemoteWebDriver.findElement(RemoteWebDriver.java:374)
	at org.openqa.selenium.support.pagefactory.DefaultElementLocator.findElement(DefaultElementLocator.java:68)
	at org.openqa.selenium.support.pagefactory.internal.LocatingElementHandler.invoke(LocatingElementHandler.java:38)
	at jdk.proxy2/jdk.proxy2.$Proxy15.isDisplayed(Unknown Source)
	at org.openqa.selenium.support.ui.ExpectedConditions.elementIfVisible(ExpectedConditions.java:304)
	at org.openqa.selenium.support.ui.ExpectedConditions$10.apply(ExpectedConditions.java:290)
	at org.openqa.selenium.support.ui.ExpectedConditions$10.apply(ExpectedConditions.java:287)
	at org.openqa.selenium.support.ui.FluentWait.until(FluentWait.java:203)
	... 19 more
... Removed 14 stack frames
</div> <!-- stack-trace -->
                  <em>
(Verify no action when deleting the only row in Sector Details)                  </em>
                </div> <!-- method-content -->
              </div> <!-- method -->
              <div class="method">
                <div class="method-content">
                  <a name="shouldShowErrorPopupWhenAircraftTypeFieldIsEmptyOnSave">
                  </a> <!-- shouldShowErrorPopupWhenAircraftTypeFieldIsEmptyOnSave -->
                  <span class="method-name">shouldShowErrorPopupWhenAircraftTypeFieldIsEmptyOnSave</span>
                  <div class="stack-trace">java.lang.AssertionError: Popup text mismatch! Expected: Please select Aircraft Type but got: Please enter duration. expected [Please select Aircraft Type] but found [Please enter duration.]
	at tests.CommandUpGradeSLFTest.shouldShowErrorPopupWhenAircraftTypeFieldIsEmptyOnSave(CommandUpGradeSLFTest.java:277)
	at java.base/java.util.concurrent.Executors$RunnableAdapter.call(Executors.java:572)
	at java.base/java.util.concurrent.FutureTask.run(FutureTask.java:317)
	at java.base/java.util.concurrent.ThreadPoolExecutor.runWorker(ThreadPoolExecutor.java:1144)
	at java.base/java.util.concurrent.ThreadPoolExecutor$Worker.run(ThreadPoolExecutor.java:642)
	at java.base/java.lang.Thread.run(Thread.java:1583)
... Removed 16 stack frames
</div> <!-- stack-trace -->
                  <em>
(Verify error popup when 'AirCraft Type' is empty on Save)                  </em>
                </div> <!-- method-content -->
              </div> <!-- method -->
              <div class="method">
                <div class="method-content">
                  <a name="shouldShowErrorPopupWhenFromFieldIsEmptyOnSave">
                  </a> <!-- shouldShowErrorPopupWhenFromFieldIsEmptyOnSave -->
                  <span class="method-name">shouldShowErrorPopupWhenFromFieldIsEmptyOnSave</span>
                  <div class="stack-trace">org.openqa.selenium.TimeoutException: Expected condition failed: waiting for element to be clickable: Proxy element for: DefaultElementLocator &apos;By.xpath: //span[@class=&apos;site-menu-title&apos; and normalize-space(text())=&apos;Become User&apos;]&apos; (tried for 30 second(s) with 500 milliseconds interval)
	at org.openqa.selenium.support.ui.WebDriverWait.timeoutException(WebDriverWait.java:84)
	at org.openqa.selenium.support.ui.FluentWait.until(FluentWait.java:228)
	at utils.SeleniumUtils.waitForClickability(SeleniumUtils.java:37)
	at utils.SeleniumUtils.click(SeleniumUtils.java:48)
	at adminPages.AdminDashBoardPage.clickBecomeUserTab(AdminDashBoardPage.java:113)
	at tests.CommandUpGradeSLFTest.shouldShowErrorPopupWhenFromFieldIsEmptyOnSave(CommandUpGradeSLFTest.java:189)
	at java.base/java.util.concurrent.Executors$RunnableAdapter.call(Executors.java:572)
	at java.base/java.util.concurrent.FutureTask.run(FutureTask.java:317)
	at java.base/java.util.concurrent.ThreadPoolExecutor.runWorker(ThreadPoolExecutor.java:1144)
	at java.base/java.util.concurrent.ThreadPoolExecutor$Worker.run(ThreadPoolExecutor.java:642)
	at java.base/java.lang.Thread.run(Thread.java:1583)
Caused by: org.openqa.selenium.NoSuchElementException: no such element: Unable to locate element: {&quot;method&quot;:&quot;xpath&quot;,&quot;selector&quot;:&quot;//span[@class=&apos;site-menu-title&apos; and normalize-space(text())=&apos;Become User&apos;]&quot;}
  (Session info: chrome=108.0.5359.124)
For documentation on this error, please visit: https://www.selenium.dev/documentation/webdriver/troubleshooting/errors#no-such-element-exception
Build info: version: &apos;4.35.0&apos;, revision: &apos;1c58e5028b&apos;
System info: os.name: &apos;Mac OS X&apos;, os.arch: &apos;x86_64&apos;, os.version: &apos;15.6.1&apos;, java.version: &apos;21.0.8&apos;
Driver info: org.openqa.selenium.remote.RemoteWebDriver
Command: [5b5ca24db5cd6ae3a49986bfe3b6269b, findElement {value=//span[@class=&apos;site-menu-title&apos; and normalize-space(text())=&apos;Become User&apos;], using=xpath}]
Capabilities {acceptInsecureCerts: false, browserName: chrome, browserVersion: 108.0.5359.124, chrome: {chromedriverVersion: 108.0.5359.71 (1e0e3868ee06..., userDataDir: /tmp/.com.google.Chrome.nComOZ}, goog:chromeOptions: {debuggerAddress: localhost:34507}, networkConnectionEnabled: false, pageLoadStrategy: normal, platformName: linux, proxy: Proxy(), se:bidiEnabled: false, se:cdp: ws://172.18.0.5:4444/sessio..., se:cdpVersion: 108.0.5359.124, se:vnc: ws://172.18.0.5:4444/sessio..., se:vncEnabled: true, se:vncLocalAddress: ws://172.18.0.5:7900, setWindowRect: true, strictFileInteractability: false, timeouts: {implicit: 0, pageLoad: 300000, script: 30000}, unhandledPromptBehavior: dismiss and notify, webauthn:extension:credBlob: true, webauthn:extension:largeBlob: true, webauthn:virtualAuthenticators: true}
Session ID: 5b5ca24db5cd6ae3a49986bfe3b6269b
	at org.openqa.selenium.remote.ErrorCodec.decode(ErrorCodec.java:167)
	at org.openqa.selenium.remote.codec.w3c.W3CHttpResponseCodec.decode(W3CHttpResponseCodec.java:138)
	at org.openqa.selenium.remote.codec.w3c.W3CHttpResponseCodec.decode(W3CHttpResponseCodec.java:50)
	at org.openqa.selenium.remote.HttpCommandExecutor.execute(HttpCommandExecutor.java:215)
	at org.openqa.selenium.remote.TracedCommandExecutor.execute(TracedCommandExecutor.java:53)
	at org.openqa.selenium.remote.RemoteWebDriver.execute(RemoteWebDriver.java:557)
	at org.openqa.selenium.remote.ElementLocation$ElementFinder$2.findElement(ElementLocation.java:165)
	at org.openqa.selenium.remote.ElementLocation.findElement(ElementLocation.java:59)
	at org.openqa.selenium.remote.RemoteWebDriver.findElement(RemoteWebDriver.java:380)
	at org.openqa.selenium.remote.RemoteWebDriver.findElement(RemoteWebDriver.java:374)
	at org.openqa.selenium.support.pagefactory.DefaultElementLocator.findElement(DefaultElementLocator.java:68)
	at org.openqa.selenium.support.pagefactory.internal.LocatingElementHandler.invoke(LocatingElementHandler.java:38)
	at jdk.proxy2/jdk.proxy2.$Proxy15.isDisplayed(Unknown Source)
	at org.openqa.selenium.support.ui.ExpectedConditions.elementIfVisible(ExpectedConditions.java:304)
	at org.openqa.selenium.support.ui.ExpectedConditions$10.apply(ExpectedConditions.java:290)
	at org.openqa.selenium.support.ui.ExpectedConditions$10.apply(ExpectedConditions.java:287)
	at org.openqa.selenium.support.ui.ExpectedConditions$23.apply(ExpectedConditions.java:656)
	at org.openqa.selenium.support.ui.ExpectedConditions$23.apply(ExpectedConditions.java:652)
	at org.openqa.selenium.support.ui.FluentWait.until(FluentWait.java:203)
	... 20 more
... Removed 14 stack frames
</div> <!-- stack-trace -->
                  <em>
(Verify error popup when 'From' field is empty on Save)                  </em>
                </div> <!-- method-content -->
              </div> <!-- method -->
            </div> <!-- main-panel-content rounded-window-bottom -->
          </div> <!-- suite-ParallelTestSuite-class-failed -->
          <div class="suite-ParallelTestSuite-class-skipped">
            <div class="main-panel-header rounded-window-top">
              <img src="skipped.png"/>
              <span class="class-name">tests.CommandUpGradeSLFTest</span>
            </div> <!-- main-panel-header rounded-window-top -->
            <div class="main-panel-content rounded-window-bottom">
              <div class="method">
                <div class="method-content">
                  <a name="shouldShowErrorPopupWhenDurationFieldIsEmpty">
                  </a> <!-- shouldShowErrorPopupWhenDurationFieldIsEmpty -->
                  <span class="method-name">shouldShowErrorPopupWhenDurationFieldIsEmpty</span>
                  <div class="stack-trace">org.openqa.selenium.StaleElementReferenceException: stale element reference: element is not attached to the page document
  (Session info: chrome=108.0.5359.124)
For documentation on this error, please visit: https://www.selenium.dev/documentation/webdriver/troubleshooting/errors#stale-element-reference-exception
Build info: version: &apos;4.35.0&apos;, revision: &apos;1c58e5028b&apos;
System info: os.name: &apos;Mac OS X&apos;, os.arch: &apos;x86_64&apos;, os.version: &apos;15.6.1&apos;, java.version: &apos;21.0.8&apos;
Driver info: org.openqa.selenium.remote.RemoteWebDriver
Command: [5b5ca24db5cd6ae3a49986bfe3b6269b, clickElement {id=58b2660c-2d60-46b9-b403-27c089767f51}]
Capabilities {acceptInsecureCerts: false, browserName: chrome, browserVersion: 108.0.5359.124, chrome: {chromedriverVersion: 108.0.5359.71 (1e0e3868ee06..., userDataDir: /tmp/.com.google.Chrome.nComOZ}, goog:chromeOptions: {debuggerAddress: localhost:34507}, networkConnectionEnabled: false, pageLoadStrategy: normal, platformName: linux, proxy: Proxy(), se:bidiEnabled: false, se:cdp: ws://172.18.0.5:4444/sessio..., se:cdpVersion: 108.0.5359.124, se:vnc: ws://172.18.0.5:4444/sessio..., se:vncEnabled: true, se:vncLocalAddress: ws://172.18.0.5:7900, setWindowRect: true, strictFileInteractability: false, timeouts: {implicit: 0, pageLoad: 300000, script: 30000}, unhandledPromptBehavior: dismiss and notify, webauthn:extension:credBlob: true, webauthn:extension:largeBlob: true, webauthn:virtualAuthenticators: true}
Element: [[RemoteWebDriver: chrome on linux (5b5ca24db5cd6ae3a49986bfe3b6269b)] -&gt; xpath: //input[@value=&apos;Login&apos;]]
Session ID: 5b5ca24db5cd6ae3a49986bfe3b6269b
	at org.openqa.selenium.remote.ErrorCodec.decode(ErrorCodec.java:167)
	at org.openqa.selenium.remote.codec.w3c.W3CHttpResponseCodec.decode(W3CHttpResponseCodec.java:138)
	at org.openqa.selenium.remote.codec.w3c.W3CHttpResponseCodec.decode(W3CHttpResponseCodec.java:50)
	at org.openqa.selenium.remote.HttpCommandExecutor.execute(HttpCommandExecutor.java:215)
	at org.openqa.selenium.remote.TracedCommandExecutor.execute(TracedCommandExecutor.java:53)
	at org.openqa.selenium.remote.RemoteWebDriver.execute(RemoteWebDriver.java:557)
	at org.openqa.selenium.remote.RemoteWebElement.execute(RemoteWebElement.java:223)
	at org.openqa.selenium.remote.RemoteWebElement.click(RemoteWebElement.java:76)
	at org.openqa.selenium.support.pagefactory.internal.LocatingElementHandler.invoke(LocatingElementHandler.java:51)
	at jdk.proxy2/jdk.proxy2.$Proxy15.click(Unknown Source)
	at utils.SeleniumUtils.click(SeleniumUtils.java:49)
	at commonPages.LoginPage.clickLogin(LoginPage.java:50)
	at commonPages.LoginPage.login(LoginPage.java:57)
	at base.BaseClass.doStandardLoginAndUserSwitch(BaseClass.java:87)
	at base.BaseClass.setUp(BaseClass.java:79)
	at java.base/java.util.concurrent.Executors$RunnableAdapter.call(Executors.java:572)
	at java.base/java.util.concurrent.FutureTask.run(FutureTask.java:317)
	at java.base/java.util.concurrent.ThreadPoolExecutor.runWorker(ThreadPoolExecutor.java:1144)
	at java.base/java.util.concurrent.ThreadPoolExecutor$Worker.run(ThreadPoolExecutor.java:642)
	at java.base/java.lang.Thread.run(Thread.java:1583)
... Removed 20 stack frames
</div> <!-- stack-trace -->
                  <em>
(Verify error popup when 'Duration' field is empty)                  </em>
                </div> <!-- method-content -->
              </div> <!-- method -->
              <div class="method">
                <div class="method-content">
                  <a name="shouldShowErrorPopupWhenNavigatingFromManageSectorsToSyllabusWithoutCompletingFields">
                  </a> <!-- shouldShowErrorPopupWhenNavigatingFromManageSectorsToSyllabusWithoutCompletingFields -->
                  <span class="method-name">shouldShowErrorPopupWhenNavigatingFromManageSectorsToSyllabusWithoutCompletingFields</span>
                  <div class="stack-trace">org.openqa.selenium.StaleElementReferenceException: stale element reference: element is not attached to the page document
  (Session info: chrome=108.0.5359.124)
For documentation on this error, please visit: https://www.selenium.dev/documentation/webdriver/troubleshooting/errors#stale-element-reference-exception
Build info: version: &apos;4.35.0&apos;, revision: &apos;1c58e5028b&apos;
System info: os.name: &apos;Mac OS X&apos;, os.arch: &apos;x86_64&apos;, os.version: &apos;15.6.1&apos;, java.version: &apos;21.0.8&apos;
Driver info: org.openqa.selenium.remote.RemoteWebDriver
Command: [5b5ca24db5cd6ae3a49986bfe3b6269b, clickElement {id=58b2660c-2d60-46b9-b403-27c089767f51}]
Capabilities {acceptInsecureCerts: false, browserName: chrome, browserVersion: 108.0.5359.124, chrome: {chromedriverVersion: 108.0.5359.71 (1e0e3868ee06..., userDataDir: /tmp/.com.google.Chrome.nComOZ}, goog:chromeOptions: {debuggerAddress: localhost:34507}, networkConnectionEnabled: false, pageLoadStrategy: normal, platformName: linux, proxy: Proxy(), se:bidiEnabled: false, se:cdp: ws://172.18.0.5:4444/sessio..., se:cdpVersion: 108.0.5359.124, se:vnc: ws://172.18.0.5:4444/sessio..., se:vncEnabled: true, se:vncLocalAddress: ws://172.18.0.5:7900, setWindowRect: true, strictFileInteractability: false, timeouts: {implicit: 0, pageLoad: 300000, script: 30000}, unhandledPromptBehavior: dismiss and notify, webauthn:extension:credBlob: true, webauthn:extension:largeBlob: true, webauthn:virtualAuthenticators: true}
Element: [[RemoteWebDriver: chrome on linux (5b5ca24db5cd6ae3a49986bfe3b6269b)] -&gt; xpath: //input[@value=&apos;Login&apos;]]
Session ID: 5b5ca24db5cd6ae3a49986bfe3b6269b
	at org.openqa.selenium.remote.ErrorCodec.decode(ErrorCodec.java:167)
	at org.openqa.selenium.remote.codec.w3c.W3CHttpResponseCodec.decode(W3CHttpResponseCodec.java:138)
	at org.openqa.selenium.remote.codec.w3c.W3CHttpResponseCodec.decode(W3CHttpResponseCodec.java:50)
	at org.openqa.selenium.remote.HttpCommandExecutor.execute(HttpCommandExecutor.java:215)
	at org.openqa.selenium.remote.TracedCommandExecutor.execute(TracedCommandExecutor.java:53)
	at org.openqa.selenium.remote.RemoteWebDriver.execute(RemoteWebDriver.java:557)
	at org.openqa.selenium.remote.RemoteWebElement.execute(RemoteWebElement.java:223)
	at org.openqa.selenium.remote.RemoteWebElement.click(RemoteWebElement.java:76)
	at org.openqa.selenium.support.pagefactory.internal.LocatingElementHandler.invoke(LocatingElementHandler.java:51)
	at jdk.proxy2/jdk.proxy2.$Proxy15.click(Unknown Source)
	at utils.SeleniumUtils.click(SeleniumUtils.java:49)
	at commonPages.LoginPage.clickLogin(LoginPage.java:50)
	at commonPages.LoginPage.login(LoginPage.java:57)
	at base.BaseClass.doStandardLoginAndUserSwitch(BaseClass.java:87)
	at base.BaseClass.setUp(BaseClass.java:79)
	at java.base/java.util.concurrent.Executors$RunnableAdapter.call(Executors.java:572)
	at java.base/java.util.concurrent.FutureTask.run(FutureTask.java:317)
	at java.base/java.util.concurrent.ThreadPoolExecutor.runWorker(ThreadPoolExecutor.java:1144)
	at java.base/java.util.concurrent.ThreadPoolExecutor$Worker.run(ThreadPoolExecutor.java:642)
	at java.base/java.lang.Thread.run(Thread.java:1583)
... Removed 20 stack frames
</div> <!-- stack-trace -->
                  <em>
(Verify error popup when navigating from Manage Sectors to Syllabus without completing required fields)                  </em>
                </div> <!-- method-content -->
              </div> <!-- method -->
              <div class="method">
                <div class="method-content">
                  <a name="shouldShowErrorPopupWhenPMorPFNotSelectedOnSave">
                  </a> <!-- shouldShowErrorPopupWhenPMorPFNotSelectedOnSave -->
                  <span class="method-name">shouldShowErrorPopupWhenPMorPFNotSelectedOnSave</span>
                  <div class="stack-trace">org.openqa.selenium.StaleElementReferenceException: stale element reference: element is not attached to the page document
  (Session info: chrome=108.0.5359.124)
For documentation on this error, please visit: https://www.selenium.dev/documentation/webdriver/troubleshooting/errors#stale-element-reference-exception
Build info: version: &apos;4.35.0&apos;, revision: &apos;1c58e5028b&apos;
System info: os.name: &apos;Mac OS X&apos;, os.arch: &apos;x86_64&apos;, os.version: &apos;15.6.1&apos;, java.version: &apos;21.0.8&apos;
Driver info: org.openqa.selenium.remote.RemoteWebDriver
Command: [5b5ca24db5cd6ae3a49986bfe3b6269b, clickElement {id=58b2660c-2d60-46b9-b403-27c089767f51}]
Capabilities {acceptInsecureCerts: false, browserName: chrome, browserVersion: 108.0.5359.124, chrome: {chromedriverVersion: 108.0.5359.71 (1e0e3868ee06..., userDataDir: /tmp/.com.google.Chrome.nComOZ}, goog:chromeOptions: {debuggerAddress: localhost:34507}, networkConnectionEnabled: false, pageLoadStrategy: normal, platformName: linux, proxy: Proxy(), se:bidiEnabled: false, se:cdp: ws://172.18.0.5:4444/sessio..., se:cdpVersion: 108.0.5359.124, se:vnc: ws://172.18.0.5:4444/sessio..., se:vncEnabled: true, se:vncLocalAddress: ws://172.18.0.5:7900, setWindowRect: true, strictFileInteractability: false, timeouts: {implicit: 0, pageLoad: 300000, script: 30000}, unhandledPromptBehavior: dismiss and notify, webauthn:extension:credBlob: true, webauthn:extension:largeBlob: true, webauthn:virtualAuthenticators: true}
Element: [[RemoteWebDriver: chrome on linux (5b5ca24db5cd6ae3a49986bfe3b6269b)] -&gt; xpath: //input[@value=&apos;Login&apos;]]
Session ID: 5b5ca24db5cd6ae3a49986bfe3b6269b
	at org.openqa.selenium.remote.ErrorCodec.decode(ErrorCodec.java:167)
	at org.openqa.selenium.remote.codec.w3c.W3CHttpResponseCodec.decode(W3CHttpResponseCodec.java:138)
	at org.openqa.selenium.remote.codec.w3c.W3CHttpResponseCodec.decode(W3CHttpResponseCodec.java:50)
	at org.openqa.selenium.remote.HttpCommandExecutor.execute(HttpCommandExecutor.java:215)
	at org.openqa.selenium.remote.TracedCommandExecutor.execute(TracedCommandExecutor.java:53)
	at org.openqa.selenium.remote.RemoteWebDriver.execute(RemoteWebDriver.java:557)
	at org.openqa.selenium.remote.RemoteWebElement.execute(RemoteWebElement.java:223)
	at org.openqa.selenium.remote.RemoteWebElement.click(RemoteWebElement.java:76)
	at org.openqa.selenium.support.pagefactory.internal.LocatingElementHandler.invoke(LocatingElementHandler.java:51)
	at jdk.proxy2/jdk.proxy2.$Proxy15.click(Unknown Source)
	at utils.SeleniumUtils.click(SeleniumUtils.java:49)
	at commonPages.LoginPage.clickLogin(LoginPage.java:50)
	at commonPages.LoginPage.login(LoginPage.java:57)
	at base.BaseClass.doStandardLoginAndUserSwitch(BaseClass.java:87)
	at base.BaseClass.setUp(BaseClass.java:79)
	at java.base/java.util.concurrent.Executors$RunnableAdapter.call(Executors.java:572)
	at java.base/java.util.concurrent.FutureTask.run(FutureTask.java:317)
	at java.base/java.util.concurrent.ThreadPoolExecutor.runWorker(ThreadPoolExecutor.java:1144)
	at java.base/java.util.concurrent.ThreadPoolExecutor$Worker.run(ThreadPoolExecutor.java:642)
	at java.base/java.lang.Thread.run(Thread.java:1583)
... Removed 20 stack frames
</div> <!-- stack-trace -->
                  <em>
(Verify error popup when 'PM/PF' is not selected on Save)                  </em>
                </div> <!-- method-content -->
              </div> <!-- method -->
              <div class="method">
                <div class="method-content">
                  <a name="shouldShowErrorPopupWhenRegNoFieldIsEmptyOnSave">
                  </a> <!-- shouldShowErrorPopupWhenRegNoFieldIsEmptyOnSave -->
                  <span class="method-name">shouldShowErrorPopupWhenRegNoFieldIsEmptyOnSave</span>
                  <div class="stack-trace">org.openqa.selenium.StaleElementReferenceException: stale element reference: element is not attached to the page document
  (Session info: chrome=108.0.5359.124)
For documentation on this error, please visit: https://www.selenium.dev/documentation/webdriver/troubleshooting/errors#stale-element-reference-exception
Build info: version: &apos;4.35.0&apos;, revision: &apos;1c58e5028b&apos;
System info: os.name: &apos;Mac OS X&apos;, os.arch: &apos;x86_64&apos;, os.version: &apos;15.6.1&apos;, java.version: &apos;21.0.8&apos;
Driver info: org.openqa.selenium.remote.RemoteWebDriver
Command: [5b5ca24db5cd6ae3a49986bfe3b6269b, clickElement {id=58b2660c-2d60-46b9-b403-27c089767f51}]
Capabilities {acceptInsecureCerts: false, browserName: chrome, browserVersion: 108.0.5359.124, chrome: {chromedriverVersion: 108.0.5359.71 (1e0e3868ee06..., userDataDir: /tmp/.com.google.Chrome.nComOZ}, goog:chromeOptions: {debuggerAddress: localhost:34507}, networkConnectionEnabled: false, pageLoadStrategy: normal, platformName: linux, proxy: Proxy(), se:bidiEnabled: false, se:cdp: ws://172.18.0.5:4444/sessio..., se:cdpVersion: 108.0.5359.124, se:vnc: ws://172.18.0.5:4444/sessio..., se:vncEnabled: true, se:vncLocalAddress: ws://172.18.0.5:7900, setWindowRect: true, strictFileInteractability: false, timeouts: {implicit: 0, pageLoad: 300000, script: 30000}, unhandledPromptBehavior: dismiss and notify, webauthn:extension:credBlob: true, webauthn:extension:largeBlob: true, webauthn:virtualAuthenticators: true}
Element: [[RemoteWebDriver: chrome on linux (5b5ca24db5cd6ae3a49986bfe3b6269b)] -&gt; xpath: //input[@value=&apos;Login&apos;]]
Session ID: 5b5ca24db5cd6ae3a49986bfe3b6269b
	at org.openqa.selenium.remote.ErrorCodec.decode(ErrorCodec.java:167)
	at org.openqa.selenium.remote.codec.w3c.W3CHttpResponseCodec.decode(W3CHttpResponseCodec.java:138)
	at org.openqa.selenium.remote.codec.w3c.W3CHttpResponseCodec.decode(W3CHttpResponseCodec.java:50)
	at org.openqa.selenium.remote.HttpCommandExecutor.execute(HttpCommandExecutor.java:215)
	at org.openqa.selenium.remote.TracedCommandExecutor.execute(TracedCommandExecutor.java:53)
	at org.openqa.selenium.remote.RemoteWebDriver.execute(RemoteWebDriver.java:557)
	at org.openqa.selenium.remote.RemoteWebElement.execute(RemoteWebElement.java:223)
	at org.openqa.selenium.remote.RemoteWebElement.click(RemoteWebElement.java:76)
	at org.openqa.selenium.support.pagefactory.internal.LocatingElementHandler.invoke(LocatingElementHandler.java:51)
	at jdk.proxy2/jdk.proxy2.$Proxy15.click(Unknown Source)
	at utils.SeleniumUtils.click(SeleniumUtils.java:49)
	at commonPages.LoginPage.clickLogin(LoginPage.java:50)
	at commonPages.LoginPage.login(LoginPage.java:57)
	at base.BaseClass.doStandardLoginAndUserSwitch(BaseClass.java:87)
	at base.BaseClass.setUp(BaseClass.java:79)
	at java.base/java.util.concurrent.Executors$RunnableAdapter.call(Executors.java:572)
	at java.base/java.util.concurrent.FutureTask.run(FutureTask.java:317)
	at java.base/java.util.concurrent.ThreadPoolExecutor.runWorker(ThreadPoolExecutor.java:1144)
	at java.base/java.util.concurrent.ThreadPoolExecutor$Worker.run(ThreadPoolExecutor.java:642)
	at java.base/java.lang.Thread.run(Thread.java:1583)
... Removed 20 stack frames
</div> <!-- stack-trace -->
                  <em>
(Verify error popup when 'RegNo' is empty on Save)                  </em>
                </div> <!-- method-content -->
              </div> <!-- method -->
              <div class="method">
                <div class="method-content">
                  <a name="shouldShowErrorPopupWhenSwitchingFromGradingToOutcomeWithoutSaving">
                  </a> <!-- shouldShowErrorPopupWhenSwitchingFromGradingToOutcomeWithoutSaving -->
                  <span class="method-name">shouldShowErrorPopupWhenSwitchingFromGradingToOutcomeWithoutSaving</span>
                  <div class="stack-trace">org.openqa.selenium.StaleElementReferenceException: stale element reference: element is not attached to the page document
  (Session info: chrome=108.0.5359.124)
For documentation on this error, please visit: https://www.selenium.dev/documentation/webdriver/troubleshooting/errors#stale-element-reference-exception
Build info: version: &apos;4.35.0&apos;, revision: &apos;1c58e5028b&apos;
System info: os.name: &apos;Mac OS X&apos;, os.arch: &apos;x86_64&apos;, os.version: &apos;15.6.1&apos;, java.version: &apos;21.0.8&apos;
Driver info: org.openqa.selenium.remote.RemoteWebDriver
Command: [5b5ca24db5cd6ae3a49986bfe3b6269b, clickElement {id=58b2660c-2d60-46b9-b403-27c089767f51}]
Capabilities {acceptInsecureCerts: false, browserName: chrome, browserVersion: 108.0.5359.124, chrome: {chromedriverVersion: 108.0.5359.71 (1e0e3868ee06..., userDataDir: /tmp/.com.google.Chrome.nComOZ}, goog:chromeOptions: {debuggerAddress: localhost:34507}, networkConnectionEnabled: false, pageLoadStrategy: normal, platformName: linux, proxy: Proxy(), se:bidiEnabled: false, se:cdp: ws://172.18.0.5:4444/sessio..., se:cdpVersion: 108.0.5359.124, se:vnc: ws://172.18.0.5:4444/sessio..., se:vncEnabled: true, se:vncLocalAddress: ws://172.18.0.5:7900, setWindowRect: true, strictFileInteractability: false, timeouts: {implicit: 0, pageLoad: 300000, script: 30000}, unhandledPromptBehavior: dismiss and notify, webauthn:extension:credBlob: true, webauthn:extension:largeBlob: true, webauthn:virtualAuthenticators: true}
Element: [[RemoteWebDriver: chrome on linux (5b5ca24db5cd6ae3a49986bfe3b6269b)] -&gt; xpath: //input[@value=&apos;Login&apos;]]
Session ID: 5b5ca24db5cd6ae3a49986bfe3b6269b
	at org.openqa.selenium.remote.ErrorCodec.decode(ErrorCodec.java:167)
	at org.openqa.selenium.remote.codec.w3c.W3CHttpResponseCodec.decode(W3CHttpResponseCodec.java:138)
	at org.openqa.selenium.remote.codec.w3c.W3CHttpResponseCodec.decode(W3CHttpResponseCodec.java:50)
	at org.openqa.selenium.remote.HttpCommandExecutor.execute(HttpCommandExecutor.java:215)
	at org.openqa.selenium.remote.TracedCommandExecutor.execute(TracedCommandExecutor.java:53)
	at org.openqa.selenium.remote.RemoteWebDriver.execute(RemoteWebDriver.java:557)
	at org.openqa.selenium.remote.RemoteWebElement.execute(RemoteWebElement.java:223)
	at org.openqa.selenium.remote.RemoteWebElement.click(RemoteWebElement.java:76)
	at org.openqa.selenium.support.pagefactory.internal.LocatingElementHandler.invoke(LocatingElementHandler.java:51)
	at jdk.proxy2/jdk.proxy2.$Proxy15.click(Unknown Source)
	at utils.SeleniumUtils.click(SeleniumUtils.java:49)
	at commonPages.LoginPage.clickLogin(LoginPage.java:50)
	at commonPages.LoginPage.login(LoginPage.java:57)
	at base.BaseClass.doStandardLoginAndUserSwitch(BaseClass.java:87)
	at base.BaseClass.setUp(BaseClass.java:79)
	at java.base/java.util.concurrent.Executors$RunnableAdapter.call(Executors.java:572)
	at java.base/java.util.concurrent.FutureTask.run(FutureTask.java:317)
	at java.base/java.util.concurrent.ThreadPoolExecutor.runWorker(ThreadPoolExecutor.java:1144)
	at java.base/java.util.concurrent.ThreadPoolExecutor$Worker.run(ThreadPoolExecutor.java:642)
	at java.base/java.lang.Thread.run(Thread.java:1583)
... Removed 20 stack frames
</div> <!-- stack-trace -->
                  <em>
(Verify error popup when navigating from Grading to Overall Outcome without completing required fields)                  </em>
                </div> <!-- method-content -->
              </div> <!-- method -->
              <div class="method">
                <div class="method-content">
                  <a name="shouldShowErrorPopupWhenToFieldIsEmptyOnSave">
                  </a> <!-- shouldShowErrorPopupWhenToFieldIsEmptyOnSave -->
                  <span class="method-name">shouldShowErrorPopupWhenToFieldIsEmptyOnSave</span>
                  <div class="stack-trace">org.openqa.selenium.StaleElementReferenceException: stale element reference: element is not attached to the page document
  (Session info: chrome=108.0.5359.124)
For documentation on this error, please visit: https://www.selenium.dev/documentation/webdriver/troubleshooting/errors#stale-element-reference-exception
Build info: version: &apos;4.35.0&apos;, revision: &apos;1c58e5028b&apos;
System info: os.name: &apos;Mac OS X&apos;, os.arch: &apos;x86_64&apos;, os.version: &apos;15.6.1&apos;, java.version: &apos;21.0.8&apos;
Driver info: org.openqa.selenium.remote.RemoteWebDriver
Command: [5b5ca24db5cd6ae3a49986bfe3b6269b, clickElement {id=58b2660c-2d60-46b9-b403-27c089767f51}]
Capabilities {acceptInsecureCerts: false, browserName: chrome, browserVersion: 108.0.5359.124, chrome: {chromedriverVersion: 108.0.5359.71 (1e0e3868ee06..., userDataDir: /tmp/.com.google.Chrome.nComOZ}, goog:chromeOptions: {debuggerAddress: localhost:34507}, networkConnectionEnabled: false, pageLoadStrategy: normal, platformName: linux, proxy: Proxy(), se:bidiEnabled: false, se:cdp: ws://172.18.0.5:4444/sessio..., se:cdpVersion: 108.0.5359.124, se:vnc: ws://172.18.0.5:4444/sessio..., se:vncEnabled: true, se:vncLocalAddress: ws://172.18.0.5:7900, setWindowRect: true, strictFileInteractability: false, timeouts: {implicit: 0, pageLoad: 300000, script: 30000}, unhandledPromptBehavior: dismiss and notify, webauthn:extension:credBlob: true, webauthn:extension:largeBlob: true, webauthn:virtualAuthenticators: true}
Element: [[RemoteWebDriver: chrome on linux (5b5ca24db5cd6ae3a49986bfe3b6269b)] -&gt; xpath: //input[@value=&apos;Login&apos;]]
Session ID: 5b5ca24db5cd6ae3a49986bfe3b6269b
	at org.openqa.selenium.remote.ErrorCodec.decode(ErrorCodec.java:167)
	at org.openqa.selenium.remote.codec.w3c.W3CHttpResponseCodec.decode(W3CHttpResponseCodec.java:138)
	at org.openqa.selenium.remote.codec.w3c.W3CHttpResponseCodec.decode(W3CHttpResponseCodec.java:50)
	at org.openqa.selenium.remote.HttpCommandExecutor.execute(HttpCommandExecutor.java:215)
	at org.openqa.selenium.remote.TracedCommandExecutor.execute(TracedCommandExecutor.java:53)
	at org.openqa.selenium.remote.RemoteWebDriver.execute(RemoteWebDriver.java:557)
	at org.openqa.selenium.remote.RemoteWebElement.execute(RemoteWebElement.java:223)
	at org.openqa.selenium.remote.RemoteWebElement.click(RemoteWebElement.java:76)
	at org.openqa.selenium.support.pagefactory.internal.LocatingElementHandler.invoke(LocatingElementHandler.java:51)
	at jdk.proxy2/jdk.proxy2.$Proxy15.click(Unknown Source)
	at utils.SeleniumUtils.click(SeleniumUtils.java:49)
	at commonPages.LoginPage.clickLogin(LoginPage.java:50)
	at commonPages.LoginPage.login(LoginPage.java:57)
	at base.BaseClass.doStandardLoginAndUserSwitch(BaseClass.java:87)
	at base.BaseClass.setUp(BaseClass.java:79)
	at java.base/java.util.concurrent.Executors$RunnableAdapter.call(Executors.java:572)
	at java.base/java.util.concurrent.FutureTask.run(FutureTask.java:317)
	at java.base/java.util.concurrent.ThreadPoolExecutor.runWorker(ThreadPoolExecutor.java:1144)
	at java.base/java.util.concurrent.ThreadPoolExecutor$Worker.run(ThreadPoolExecutor.java:642)
	at java.base/java.lang.Thread.run(Thread.java:1583)
... Removed 20 stack frames
</div> <!-- stack-trace -->
                  <em>
(Verify error popup when 'From' field is empty on Save)                  </em>
                </div> <!-- method-content -->
              </div> <!-- method -->
              <div class="method">
                <div class="method-content">
                  <a name="shouldShowErrorWhenAddingCommentsWithoutSelectingOBs">
                  </a> <!-- shouldShowErrorWhenAddingCommentsWithoutSelectingOBs -->
                  <span class="method-name">shouldShowErrorWhenAddingCommentsWithoutSelectingOBs</span>
                  <div class="stack-trace">org.openqa.selenium.StaleElementReferenceException: stale element reference: element is not attached to the page document
  (Session info: chrome=108.0.5359.124)
For documentation on this error, please visit: https://www.selenium.dev/documentation/webdriver/troubleshooting/errors#stale-element-reference-exception
Build info: version: &apos;4.35.0&apos;, revision: &apos;1c58e5028b&apos;
System info: os.name: &apos;Mac OS X&apos;, os.arch: &apos;x86_64&apos;, os.version: &apos;15.6.1&apos;, java.version: &apos;21.0.8&apos;
Driver info: org.openqa.selenium.remote.RemoteWebDriver
Command: [5b5ca24db5cd6ae3a49986bfe3b6269b, clickElement {id=58b2660c-2d60-46b9-b403-27c089767f51}]
Capabilities {acceptInsecureCerts: false, browserName: chrome, browserVersion: 108.0.5359.124, chrome: {chromedriverVersion: 108.0.5359.71 (1e0e3868ee06..., userDataDir: /tmp/.com.google.Chrome.nComOZ}, goog:chromeOptions: {debuggerAddress: localhost:34507}, networkConnectionEnabled: false, pageLoadStrategy: normal, platformName: linux, proxy: Proxy(), se:bidiEnabled: false, se:cdp: ws://172.18.0.5:4444/sessio..., se:cdpVersion: 108.0.5359.124, se:vnc: ws://172.18.0.5:4444/sessio..., se:vncEnabled: true, se:vncLocalAddress: ws://172.18.0.5:7900, setWindowRect: true, strictFileInteractability: false, timeouts: {implicit: 0, pageLoad: 300000, script: 30000}, unhandledPromptBehavior: dismiss and notify, webauthn:extension:credBlob: true, webauthn:extension:largeBlob: true, webauthn:virtualAuthenticators: true}
Element: [[RemoteWebDriver: chrome on linux (5b5ca24db5cd6ae3a49986bfe3b6269b)] -&gt; xpath: //input[@value=&apos;Login&apos;]]
Session ID: 5b5ca24db5cd6ae3a49986bfe3b6269b
	at org.openqa.selenium.remote.ErrorCodec.decode(ErrorCodec.java:167)
	at org.openqa.selenium.remote.codec.w3c.W3CHttpResponseCodec.decode(W3CHttpResponseCodec.java:138)
	at org.openqa.selenium.remote.codec.w3c.W3CHttpResponseCodec.decode(W3CHttpResponseCodec.java:50)
	at org.openqa.selenium.remote.HttpCommandExecutor.execute(HttpCommandExecutor.java:215)
	at org.openqa.selenium.remote.TracedCommandExecutor.execute(TracedCommandExecutor.java:53)
	at org.openqa.selenium.remote.RemoteWebDriver.execute(RemoteWebDriver.java:557)
	at org.openqa.selenium.remote.RemoteWebElement.execute(RemoteWebElement.java:223)
	at org.openqa.selenium.remote.RemoteWebElement.click(RemoteWebElement.java:76)
	at org.openqa.selenium.support.pagefactory.internal.LocatingElementHandler.invoke(LocatingElementHandler.java:51)
	at jdk.proxy2/jdk.proxy2.$Proxy15.click(Unknown Source)
	at utils.SeleniumUtils.click(SeleniumUtils.java:49)
	at commonPages.LoginPage.clickLogin(LoginPage.java:50)
	at commonPages.LoginPage.login(LoginPage.java:57)
	at base.BaseClass.doStandardLoginAndUserSwitch(BaseClass.java:87)
	at base.BaseClass.setUp(BaseClass.java:79)
	at java.base/java.util.concurrent.Executors$RunnableAdapter.call(Executors.java:572)
	at java.base/java.util.concurrent.FutureTask.run(FutureTask.java:317)
	at java.base/java.util.concurrent.ThreadPoolExecutor.runWorker(ThreadPoolExecutor.java:1144)
	at java.base/java.util.concurrent.ThreadPoolExecutor$Worker.run(ThreadPoolExecutor.java:642)
	at java.base/java.lang.Thread.run(Thread.java:1583)
... Removed 20 stack frames
</div> <!-- stack-trace -->
                  <em>
(Validate error when adding comments without selecting any OBs)                  </em>
                </div> <!-- method-content -->
              </div> <!-- method -->
              <div class="method">
                <div class="method-content">
                  <a name="shouldShowErrorWhenDelayCommentIsEmpty">
                  </a> <!-- shouldShowErrorWhenDelayCommentIsEmpty -->
                  <span class="method-name">shouldShowErrorWhenDelayCommentIsEmpty</span>
                  <div class="stack-trace">org.openqa.selenium.StaleElementReferenceException: stale element reference: element is not attached to the page document
  (Session info: chrome=108.0.5359.124)
For documentation on this error, please visit: https://www.selenium.dev/documentation/webdriver/troubleshooting/errors#stale-element-reference-exception
Build info: version: &apos;4.35.0&apos;, revision: &apos;1c58e5028b&apos;
System info: os.name: &apos;Mac OS X&apos;, os.arch: &apos;x86_64&apos;, os.version: &apos;15.6.1&apos;, java.version: &apos;21.0.8&apos;
Driver info: org.openqa.selenium.remote.RemoteWebDriver
Command: [5b5ca24db5cd6ae3a49986bfe3b6269b, clickElement {id=58b2660c-2d60-46b9-b403-27c089767f51}]
Capabilities {acceptInsecureCerts: false, browserName: chrome, browserVersion: 108.0.5359.124, chrome: {chromedriverVersion: 108.0.5359.71 (1e0e3868ee06..., userDataDir: /tmp/.com.google.Chrome.nComOZ}, goog:chromeOptions: {debuggerAddress: localhost:34507}, networkConnectionEnabled: false, pageLoadStrategy: normal, platformName: linux, proxy: Proxy(), se:bidiEnabled: false, se:cdp: ws://172.18.0.5:4444/sessio..., se:cdpVersion: 108.0.5359.124, se:vnc: ws://172.18.0.5:4444/sessio..., se:vncEnabled: true, se:vncLocalAddress: ws://172.18.0.5:7900, setWindowRect: true, strictFileInteractability: false, timeouts: {implicit: 0, pageLoad: 300000, script: 30000}, unhandledPromptBehavior: dismiss and notify, webauthn:extension:credBlob: true, webauthn:extension:largeBlob: true, webauthn:virtualAuthenticators: true}
Element: [[RemoteWebDriver: chrome on linux (5b5ca24db5cd6ae3a49986bfe3b6269b)] -&gt; xpath: //input[@value=&apos;Login&apos;]]
Session ID: 5b5ca24db5cd6ae3a49986bfe3b6269b
	at org.openqa.selenium.remote.ErrorCodec.decode(ErrorCodec.java:167)
	at org.openqa.selenium.remote.codec.w3c.W3CHttpResponseCodec.decode(W3CHttpResponseCodec.java:138)
	at org.openqa.selenium.remote.codec.w3c.W3CHttpResponseCodec.decode(W3CHttpResponseCodec.java:50)
	at org.openqa.selenium.remote.HttpCommandExecutor.execute(HttpCommandExecutor.java:215)
	at org.openqa.selenium.remote.TracedCommandExecutor.execute(TracedCommandExecutor.java:53)
	at org.openqa.selenium.remote.RemoteWebDriver.execute(RemoteWebDriver.java:557)
	at org.openqa.selenium.remote.RemoteWebElement.execute(RemoteWebElement.java:223)
	at org.openqa.selenium.remote.RemoteWebElement.click(RemoteWebElement.java:76)
	at org.openqa.selenium.support.pagefactory.internal.LocatingElementHandler.invoke(LocatingElementHandler.java:51)
	at jdk.proxy2/jdk.proxy2.$Proxy15.click(Unknown Source)
	at utils.SeleniumUtils.click(SeleniumUtils.java:49)
	at commonPages.LoginPage.clickLogin(LoginPage.java:50)
	at commonPages.LoginPage.login(LoginPage.java:57)
	at base.BaseClass.doStandardLoginAndUserSwitch(BaseClass.java:87)
	at base.BaseClass.setUp(BaseClass.java:79)
	at java.base/java.util.concurrent.Executors$RunnableAdapter.call(Executors.java:572)
	at java.base/java.util.concurrent.FutureTask.run(FutureTask.java:317)
	at java.base/java.util.concurrent.ThreadPoolExecutor.runWorker(ThreadPoolExecutor.java:1144)
	at java.base/java.util.concurrent.ThreadPoolExecutor$Worker.run(ThreadPoolExecutor.java:642)
	at java.base/java.lang.Thread.run(Thread.java:1583)
... Removed 20 stack frames
</div> <!-- stack-trace -->
                  <em>
(Validate error message when 'Delay Comment' field is left empty)                  </em>
                </div> <!-- method-content -->
              </div> <!-- method -->
              <div class="method">
                <div class="method-content">
                  <a name="shouldShowPopupWhenSyllabusToggleIsDefaultOnNext">
                  </a> <!-- shouldShowPopupWhenSyllabusToggleIsDefaultOnNext -->
                  <span class="method-name">shouldShowPopupWhenSyllabusToggleIsDefaultOnNext</span>
                  <div class="stack-trace">org.openqa.selenium.StaleElementReferenceException: stale element reference: element is not attached to the page document
  (Session info: chrome=108.0.5359.124)
For documentation on this error, please visit: https://www.selenium.dev/documentation/webdriver/troubleshooting/errors#stale-element-reference-exception
Build info: version: &apos;4.35.0&apos;, revision: &apos;1c58e5028b&apos;
System info: os.name: &apos;Mac OS X&apos;, os.arch: &apos;x86_64&apos;, os.version: &apos;15.6.1&apos;, java.version: &apos;21.0.8&apos;
Driver info: org.openqa.selenium.remote.RemoteWebDriver
Command: [5b5ca24db5cd6ae3a49986bfe3b6269b, clickElement {id=58b2660c-2d60-46b9-b403-27c089767f51}]
Capabilities {acceptInsecureCerts: false, browserName: chrome, browserVersion: 108.0.5359.124, chrome: {chromedriverVersion: 108.0.5359.71 (1e0e3868ee06..., userDataDir: /tmp/.com.google.Chrome.nComOZ}, goog:chromeOptions: {debuggerAddress: localhost:34507}, networkConnectionEnabled: false, pageLoadStrategy: normal, platformName: linux, proxy: Proxy(), se:bidiEnabled: false, se:cdp: ws://172.18.0.5:4444/sessio..., se:cdpVersion: 108.0.5359.124, se:vnc: ws://172.18.0.5:4444/sessio..., se:vncEnabled: true, se:vncLocalAddress: ws://172.18.0.5:7900, setWindowRect: true, strictFileInteractability: false, timeouts: {implicit: 0, pageLoad: 300000, script: 30000}, unhandledPromptBehavior: dismiss and notify, webauthn:extension:credBlob: true, webauthn:extension:largeBlob: true, webauthn:virtualAuthenticators: true}
Element: [[RemoteWebDriver: chrome on linux (5b5ca24db5cd6ae3a49986bfe3b6269b)] -&gt; xpath: //input[@value=&apos;Login&apos;]]
Session ID: 5b5ca24db5cd6ae3a49986bfe3b6269b
	at org.openqa.selenium.remote.ErrorCodec.decode(ErrorCodec.java:167)
	at org.openqa.selenium.remote.codec.w3c.W3CHttpResponseCodec.decode(W3CHttpResponseCodec.java:138)
	at org.openqa.selenium.remote.codec.w3c.W3CHttpResponseCodec.decode(W3CHttpResponseCodec.java:50)
	at org.openqa.selenium.remote.HttpCommandExecutor.execute(HttpCommandExecutor.java:215)
	at org.openqa.selenium.remote.TracedCommandExecutor.execute(TracedCommandExecutor.java:53)
	at org.openqa.selenium.remote.RemoteWebDriver.execute(RemoteWebDriver.java:557)
	at org.openqa.selenium.remote.RemoteWebElement.execute(RemoteWebElement.java:223)
	at org.openqa.selenium.remote.RemoteWebElement.click(RemoteWebElement.java:76)
	at org.openqa.selenium.support.pagefactory.internal.LocatingElementHandler.invoke(LocatingElementHandler.java:51)
	at jdk.proxy2/jdk.proxy2.$Proxy15.click(Unknown Source)
	at utils.SeleniumUtils.click(SeleniumUtils.java:49)
	at commonPages.LoginPage.clickLogin(LoginPage.java:50)
	at commonPages.LoginPage.login(LoginPage.java:57)
	at base.BaseClass.doStandardLoginAndUserSwitch(BaseClass.java:87)
	at base.BaseClass.setUp(BaseClass.java:79)
	at java.base/java.util.concurrent.Executors$RunnableAdapter.call(Executors.java:572)
	at java.base/java.util.concurrent.FutureTask.run(FutureTask.java:317)
	at java.base/java.util.concurrent.ThreadPoolExecutor.runWorker(ThreadPoolExecutor.java:1144)
	at java.base/java.util.concurrent.ThreadPoolExecutor$Worker.run(ThreadPoolExecutor.java:642)
	at java.base/java.lang.Thread.run(Thread.java:1583)
... Removed 20 stack frames
</div> <!-- stack-trace -->
                  <em>
(Verify no action when deleting the only row in Sector Details)                  </em>
                </div> <!-- method-content -->
              </div> <!-- method -->
              <div class="method">
                <div class="method-content">
                  <a name="validateCommentRequirementAndRadioSelectionAcrossAllSections">
                  </a> <!-- validateCommentRequirementAndRadioSelectionAcrossAllSections -->
                  <span class="method-name">validateCommentRequirementAndRadioSelectionAcrossAllSections</span>
                  <div class="stack-trace">org.openqa.selenium.StaleElementReferenceException: stale element reference: element is not attached to the page document
  (Session info: chrome=108.0.5359.124)
For documentation on this error, please visit: https://www.selenium.dev/documentation/webdriver/troubleshooting/errors#stale-element-reference-exception
Build info: version: &apos;4.35.0&apos;, revision: &apos;1c58e5028b&apos;
System info: os.name: &apos;Mac OS X&apos;, os.arch: &apos;x86_64&apos;, os.version: &apos;15.6.1&apos;, java.version: &apos;21.0.8&apos;
Driver info: org.openqa.selenium.remote.RemoteWebDriver
Command: [5b5ca24db5cd6ae3a49986bfe3b6269b, clickElement {id=58b2660c-2d60-46b9-b403-27c089767f51}]
Capabilities {acceptInsecureCerts: false, browserName: chrome, browserVersion: 108.0.5359.124, chrome: {chromedriverVersion: 108.0.5359.71 (1e0e3868ee06..., userDataDir: /tmp/.com.google.Chrome.nComOZ}, goog:chromeOptions: {debuggerAddress: localhost:34507}, networkConnectionEnabled: false, pageLoadStrategy: normal, platformName: linux, proxy: Proxy(), se:bidiEnabled: false, se:cdp: ws://172.18.0.5:4444/sessio..., se:cdpVersion: 108.0.5359.124, se:vnc: ws://172.18.0.5:4444/sessio..., se:vncEnabled: true, se:vncLocalAddress: ws://172.18.0.5:7900, setWindowRect: true, strictFileInteractability: false, timeouts: {implicit: 0, pageLoad: 300000, script: 30000}, unhandledPromptBehavior: dismiss and notify, webauthn:extension:credBlob: true, webauthn:extension:largeBlob: true, webauthn:virtualAuthenticators: true}
Element: [[RemoteWebDriver: chrome on linux (5b5ca24db5cd6ae3a49986bfe3b6269b)] -&gt; xpath: //input[@value=&apos;Login&apos;]]
Session ID: 5b5ca24db5cd6ae3a49986bfe3b6269b
	at org.openqa.selenium.remote.ErrorCodec.decode(ErrorCodec.java:167)
	at org.openqa.selenium.remote.codec.w3c.W3CHttpResponseCodec.decode(W3CHttpResponseCodec.java:138)
	at org.openqa.selenium.remote.codec.w3c.W3CHttpResponseCodec.decode(W3CHttpResponseCodec.java:50)
	at org.openqa.selenium.remote.HttpCommandExecutor.execute(HttpCommandExecutor.java:215)
	at org.openqa.selenium.remote.TracedCommandExecutor.execute(TracedCommandExecutor.java:53)
	at org.openqa.selenium.remote.RemoteWebDriver.execute(RemoteWebDriver.java:557)
	at org.openqa.selenium.remote.RemoteWebElement.execute(RemoteWebElement.java:223)
	at org.openqa.selenium.remote.RemoteWebElement.click(RemoteWebElement.java:76)
	at org.openqa.selenium.support.pagefactory.internal.LocatingElementHandler.invoke(LocatingElementHandler.java:51)
	at jdk.proxy2/jdk.proxy2.$Proxy15.click(Unknown Source)
	at utils.SeleniumUtils.click(SeleniumUtils.java:49)
	at commonPages.LoginPage.clickLogin(LoginPage.java:50)
	at commonPages.LoginPage.login(LoginPage.java:57)
	at base.BaseClass.doStandardLoginAndUserSwitch(BaseClass.java:87)
	at base.BaseClass.setUp(BaseClass.java:79)
	at java.base/java.util.concurrent.Executors$RunnableAdapter.call(Executors.java:572)
	at java.base/java.util.concurrent.FutureTask.run(FutureTask.java:317)
	at java.base/java.util.concurrent.ThreadPoolExecutor.runWorker(ThreadPoolExecutor.java:1144)
	at java.base/java.util.concurrent.ThreadPoolExecutor$Worker.run(ThreadPoolExecutor.java:642)
	at java.base/java.lang.Thread.run(Thread.java:1583)
... Removed 20 stack frames
</div> <!-- stack-trace -->
                  <em>
(Validate comment requirement and Competent/Not Yet Competent auto/manual selection across all sections)                  </em>
                </div> <!-- method-content -->
              </div> <!-- method -->
              <div class="method">
                <div class="method-content">
                  <a name="validateDataSubmissionPopup">
                  </a> <!-- validateDataSubmissionPopup -->
                  <span class="method-name">validateDataSubmissionPopup</span>
                  <div class="stack-trace">org.openqa.selenium.StaleElementReferenceException: stale element reference: element is not attached to the page document
  (Session info: chrome=108.0.5359.124)
For documentation on this error, please visit: https://www.selenium.dev/documentation/webdriver/troubleshooting/errors#stale-element-reference-exception
Build info: version: &apos;4.35.0&apos;, revision: &apos;1c58e5028b&apos;
System info: os.name: &apos;Mac OS X&apos;, os.arch: &apos;x86_64&apos;, os.version: &apos;15.6.1&apos;, java.version: &apos;21.0.8&apos;
Driver info: org.openqa.selenium.remote.RemoteWebDriver
Command: [5b5ca24db5cd6ae3a49986bfe3b6269b, clickElement {id=58b2660c-2d60-46b9-b403-27c089767f51}]
Capabilities {acceptInsecureCerts: false, browserName: chrome, browserVersion: 108.0.5359.124, chrome: {chromedriverVersion: 108.0.5359.71 (1e0e3868ee06..., userDataDir: /tmp/.com.google.Chrome.nComOZ}, goog:chromeOptions: {debuggerAddress: localhost:34507}, networkConnectionEnabled: false, pageLoadStrategy: normal, platformName: linux, proxy: Proxy(), se:bidiEnabled: false, se:cdp: ws://172.18.0.5:4444/sessio..., se:cdpVersion: 108.0.5359.124, se:vnc: ws://172.18.0.5:4444/sessio..., se:vncEnabled: true, se:vncLocalAddress: ws://172.18.0.5:7900, setWindowRect: true, strictFileInteractability: false, timeouts: {implicit: 0, pageLoad: 300000, script: 30000}, unhandledPromptBehavior: dismiss and notify, webauthn:extension:credBlob: true, webauthn:extension:largeBlob: true, webauthn:virtualAuthenticators: true}
Element: [[RemoteWebDriver: chrome on linux (5b5ca24db5cd6ae3a49986bfe3b6269b)] -&gt; xpath: //input[@value=&apos;Login&apos;]]
Session ID: 5b5ca24db5cd6ae3a49986bfe3b6269b
	at org.openqa.selenium.remote.ErrorCodec.decode(ErrorCodec.java:167)
	at org.openqa.selenium.remote.codec.w3c.W3CHttpResponseCodec.decode(W3CHttpResponseCodec.java:138)
	at org.openqa.selenium.remote.codec.w3c.W3CHttpResponseCodec.decode(W3CHttpResponseCodec.java:50)
	at org.openqa.selenium.remote.HttpCommandExecutor.execute(HttpCommandExecutor.java:215)
	at org.openqa.selenium.remote.TracedCommandExecutor.execute(TracedCommandExecutor.java:53)
	at org.openqa.selenium.remote.RemoteWebDriver.execute(RemoteWebDriver.java:557)
	at org.openqa.selenium.remote.RemoteWebElement.execute(RemoteWebElement.java:223)
	at org.openqa.selenium.remote.RemoteWebElement.click(RemoteWebElement.java:76)
	at org.openqa.selenium.support.pagefactory.internal.LocatingElementHandler.invoke(LocatingElementHandler.java:51)
	at jdk.proxy2/jdk.proxy2.$Proxy15.click(Unknown Source)
	at utils.SeleniumUtils.click(SeleniumUtils.java:49)
	at commonPages.LoginPage.clickLogin(LoginPage.java:50)
	at commonPages.LoginPage.login(LoginPage.java:57)
	at base.BaseClass.doStandardLoginAndUserSwitch(BaseClass.java:87)
	at base.BaseClass.setUp(BaseClass.java:79)
	at java.base/java.util.concurrent.Executors$RunnableAdapter.call(Executors.java:572)
	at java.base/java.util.concurrent.FutureTask.run(FutureTask.java:317)
	at java.base/java.util.concurrent.ThreadPoolExecutor.runWorker(ThreadPoolExecutor.java:1144)
	at java.base/java.util.concurrent.ThreadPoolExecutor$Worker.run(ThreadPoolExecutor.java:642)
	at java.base/java.lang.Thread.run(Thread.java:1583)
... Removed 20 stack frames
</div> <!-- stack-trace -->
                  <em>
(Validate Data Submission popup)                  </em>
                </div> <!-- method-content -->
              </div> <!-- method -->
              <div class="method">
                <div class="method-content">
                  <a name="validateErrorWhenNoCompetentSelectionAfterAddingOBs">
                  </a> <!-- validateErrorWhenNoCompetentSelectionAfterAddingOBs -->
                  <span class="method-name">validateErrorWhenNoCompetentSelectionAfterAddingOBs</span>
                  <div class="stack-trace">org.openqa.selenium.StaleElementReferenceException: stale element reference: element is not attached to the page document
  (Session info: chrome=108.0.5359.124)
For documentation on this error, please visit: https://www.selenium.dev/documentation/webdriver/troubleshooting/errors#stale-element-reference-exception
Build info: version: &apos;4.35.0&apos;, revision: &apos;1c58e5028b&apos;
System info: os.name: &apos;Mac OS X&apos;, os.arch: &apos;x86_64&apos;, os.version: &apos;15.6.1&apos;, java.version: &apos;21.0.8&apos;
Driver info: org.openqa.selenium.remote.RemoteWebDriver
Command: [5b5ca24db5cd6ae3a49986bfe3b6269b, clickElement {id=58b2660c-2d60-46b9-b403-27c089767f51}]
Capabilities {acceptInsecureCerts: false, browserName: chrome, browserVersion: 108.0.5359.124, chrome: {chromedriverVersion: 108.0.5359.71 (1e0e3868ee06..., userDataDir: /tmp/.com.google.Chrome.nComOZ}, goog:chromeOptions: {debuggerAddress: localhost:34507}, networkConnectionEnabled: false, pageLoadStrategy: normal, platformName: linux, proxy: Proxy(), se:bidiEnabled: false, se:cdp: ws://172.18.0.5:4444/sessio..., se:cdpVersion: 108.0.5359.124, se:vnc: ws://172.18.0.5:4444/sessio..., se:vncEnabled: true, se:vncLocalAddress: ws://172.18.0.5:7900, setWindowRect: true, strictFileInteractability: false, timeouts: {implicit: 0, pageLoad: 300000, script: 30000}, unhandledPromptBehavior: dismiss and notify, webauthn:extension:credBlob: true, webauthn:extension:largeBlob: true, webauthn:virtualAuthenticators: true}
Element: [[RemoteWebDriver: chrome on linux (5b5ca24db5cd6ae3a49986bfe3b6269b)] -&gt; xpath: //input[@value=&apos;Login&apos;]]
Session ID: 5b5ca24db5cd6ae3a49986bfe3b6269b
	at org.openqa.selenium.remote.ErrorCodec.decode(ErrorCodec.java:167)
	at org.openqa.selenium.remote.codec.w3c.W3CHttpResponseCodec.decode(W3CHttpResponseCodec.java:138)
	at org.openqa.selenium.remote.codec.w3c.W3CHttpResponseCodec.decode(W3CHttpResponseCodec.java:50)
	at org.openqa.selenium.remote.HttpCommandExecutor.execute(HttpCommandExecutor.java:215)
	at org.openqa.selenium.remote.TracedCommandExecutor.execute(TracedCommandExecutor.java:53)
	at org.openqa.selenium.remote.RemoteWebDriver.execute(RemoteWebDriver.java:557)
	at org.openqa.selenium.remote.RemoteWebElement.execute(RemoteWebElement.java:223)
	at org.openqa.selenium.remote.RemoteWebElement.click(RemoteWebElement.java:76)
	at org.openqa.selenium.support.pagefactory.internal.LocatingElementHandler.invoke(LocatingElementHandler.java:51)
	at jdk.proxy2/jdk.proxy2.$Proxy15.click(Unknown Source)
	at utils.SeleniumUtils.click(SeleniumUtils.java:49)
	at commonPages.LoginPage.clickLogin(LoginPage.java:50)
	at commonPages.LoginPage.login(LoginPage.java:57)
	at base.BaseClass.doStandardLoginAndUserSwitch(BaseClass.java:87)
	at base.BaseClass.setUp(BaseClass.java:79)
	at java.base/java.util.concurrent.Executors$RunnableAdapter.call(Executors.java:572)
	at java.base/java.util.concurrent.FutureTask.run(FutureTask.java:317)
	at java.base/java.util.concurrent.ThreadPoolExecutor.runWorker(ThreadPoolExecutor.java:1144)
	at java.base/java.util.concurrent.ThreadPoolExecutor$Worker.run(ThreadPoolExecutor.java:642)
	at java.base/java.lang.Thread.run(Thread.java:1583)
... Removed 20 stack frames
</div> <!-- stack-trace -->
                  <em>
(Validate error when Competent/Not Yet Competent is not selected after adding OBs)                  </em>
                </div> <!-- method-content -->
              </div> <!-- method -->
              <div class="method">
                <div class="method-content">
                  <a name="validateMandatoryOverallCommentsForNotYetCompetent">
                  </a> <!-- validateMandatoryOverallCommentsForNotYetCompetent -->
                  <span class="method-name">validateMandatoryOverallCommentsForNotYetCompetent</span>
                  <div class="stack-trace">org.openqa.selenium.StaleElementReferenceException: stale element reference: element is not attached to the page document
  (Session info: chrome=108.0.5359.124)
For documentation on this error, please visit: https://www.selenium.dev/documentation/webdriver/troubleshooting/errors#stale-element-reference-exception
Build info: version: &apos;4.35.0&apos;, revision: &apos;1c58e5028b&apos;
System info: os.name: &apos;Mac OS X&apos;, os.arch: &apos;x86_64&apos;, os.version: &apos;15.6.1&apos;, java.version: &apos;21.0.8&apos;
Driver info: org.openqa.selenium.remote.RemoteWebDriver
Command: [5b5ca24db5cd6ae3a49986bfe3b6269b, clickElement {id=58b2660c-2d60-46b9-b403-27c089767f51}]
Capabilities {acceptInsecureCerts: false, browserName: chrome, browserVersion: 108.0.5359.124, chrome: {chromedriverVersion: 108.0.5359.71 (1e0e3868ee06..., userDataDir: /tmp/.com.google.Chrome.nComOZ}, goog:chromeOptions: {debuggerAddress: localhost:34507}, networkConnectionEnabled: false, pageLoadStrategy: normal, platformName: linux, proxy: Proxy(), se:bidiEnabled: false, se:cdp: ws://172.18.0.5:4444/sessio..., se:cdpVersion: 108.0.5359.124, se:vnc: ws://172.18.0.5:4444/sessio..., se:vncEnabled: true, se:vncLocalAddress: ws://172.18.0.5:7900, setWindowRect: true, strictFileInteractability: false, timeouts: {implicit: 0, pageLoad: 300000, script: 30000}, unhandledPromptBehavior: dismiss and notify, webauthn:extension:credBlob: true, webauthn:extension:largeBlob: true, webauthn:virtualAuthenticators: true}
Element: [[RemoteWebDriver: chrome on linux (5b5ca24db5cd6ae3a49986bfe3b6269b)] -&gt; xpath: //input[@value=&apos;Login&apos;]]
Session ID: 5b5ca24db5cd6ae3a49986bfe3b6269b
	at org.openqa.selenium.remote.ErrorCodec.decode(ErrorCodec.java:167)
	at org.openqa.selenium.remote.codec.w3c.W3CHttpResponseCodec.decode(W3CHttpResponseCodec.java:138)
	at org.openqa.selenium.remote.codec.w3c.W3CHttpResponseCodec.decode(W3CHttpResponseCodec.java:50)
	at org.openqa.selenium.remote.HttpCommandExecutor.execute(HttpCommandExecutor.java:215)
	at org.openqa.selenium.remote.TracedCommandExecutor.execute(TracedCommandExecutor.java:53)
	at org.openqa.selenium.remote.RemoteWebDriver.execute(RemoteWebDriver.java:557)
	at org.openqa.selenium.remote.RemoteWebElement.execute(RemoteWebElement.java:223)
	at org.openqa.selenium.remote.RemoteWebElement.click(RemoteWebElement.java:76)
	at org.openqa.selenium.support.pagefactory.internal.LocatingElementHandler.invoke(LocatingElementHandler.java:51)
	at jdk.proxy2/jdk.proxy2.$Proxy15.click(Unknown Source)
	at utils.SeleniumUtils.click(SeleniumUtils.java:49)
	at commonPages.LoginPage.clickLogin(LoginPage.java:50)
	at commonPages.LoginPage.login(LoginPage.java:57)
	at base.BaseClass.doStandardLoginAndUserSwitch(BaseClass.java:87)
	at base.BaseClass.setUp(BaseClass.java:79)
	at java.base/java.util.concurrent.Executors$RunnableAdapter.call(Executors.java:572)
	at java.base/java.util.concurrent.FutureTask.run(FutureTask.java:317)
	at java.base/java.util.concurrent.ThreadPoolExecutor.runWorker(ThreadPoolExecutor.java:1144)
	at java.base/java.util.concurrent.ThreadPoolExecutor$Worker.run(ThreadPoolExecutor.java:642)
	at java.base/java.lang.Thread.run(Thread.java:1583)
... Removed 20 stack frames
</div> <!-- stack-trace -->
                  <em>
(Validate mandatory Overall Comments for Not Yet Competent)                  </em>
                </div> <!-- method-content -->
              </div> <!-- method -->
              <div class="method">
                <div class="method-content">
                  <a name="validateMandatoryQualificationDropdown">
                  </a> <!-- validateMandatoryQualificationDropdown -->
                  <span class="method-name">validateMandatoryQualificationDropdown</span>
                  <div class="stack-trace">org.openqa.selenium.StaleElementReferenceException: stale element reference: element is not attached to the page document
  (Session info: chrome=108.0.5359.124)
For documentation on this error, please visit: https://www.selenium.dev/documentation/webdriver/troubleshooting/errors#stale-element-reference-exception
Build info: version: &apos;4.35.0&apos;, revision: &apos;1c58e5028b&apos;
System info: os.name: &apos;Mac OS X&apos;, os.arch: &apos;x86_64&apos;, os.version: &apos;15.6.1&apos;, java.version: &apos;21.0.8&apos;
Driver info: org.openqa.selenium.remote.RemoteWebDriver
Command: [5b5ca24db5cd6ae3a49986bfe3b6269b, clickElement {id=58b2660c-2d60-46b9-b403-27c089767f51}]
Capabilities {acceptInsecureCerts: false, browserName: chrome, browserVersion: 108.0.5359.124, chrome: {chromedriverVersion: 108.0.5359.71 (1e0e3868ee06..., userDataDir: /tmp/.com.google.Chrome.nComOZ}, goog:chromeOptions: {debuggerAddress: localhost:34507}, networkConnectionEnabled: false, pageLoadStrategy: normal, platformName: linux, proxy: Proxy(), se:bidiEnabled: false, se:cdp: ws://172.18.0.5:4444/sessio..., se:cdpVersion: 108.0.5359.124, se:vnc: ws://172.18.0.5:4444/sessio..., se:vncEnabled: true, se:vncLocalAddress: ws://172.18.0.5:7900, setWindowRect: true, strictFileInteractability: false, timeouts: {implicit: 0, pageLoad: 300000, script: 30000}, unhandledPromptBehavior: dismiss and notify, webauthn:extension:credBlob: true, webauthn:extension:largeBlob: true, webauthn:virtualAuthenticators: true}
Element: [[RemoteWebDriver: chrome on linux (5b5ca24db5cd6ae3a49986bfe3b6269b)] -&gt; xpath: //input[@value=&apos;Login&apos;]]
Session ID: 5b5ca24db5cd6ae3a49986bfe3b6269b
	at org.openqa.selenium.remote.ErrorCodec.decode(ErrorCodec.java:167)
	at org.openqa.selenium.remote.codec.w3c.W3CHttpResponseCodec.decode(W3CHttpResponseCodec.java:138)
	at org.openqa.selenium.remote.codec.w3c.W3CHttpResponseCodec.decode(W3CHttpResponseCodec.java:50)
	at org.openqa.selenium.remote.HttpCommandExecutor.execute(HttpCommandExecutor.java:215)
	at org.openqa.selenium.remote.TracedCommandExecutor.execute(TracedCommandExecutor.java:53)
	at org.openqa.selenium.remote.RemoteWebDriver.execute(RemoteWebDriver.java:557)
	at org.openqa.selenium.remote.RemoteWebElement.execute(RemoteWebElement.java:223)
	at org.openqa.selenium.remote.RemoteWebElement.click(RemoteWebElement.java:76)
	at org.openqa.selenium.support.pagefactory.internal.LocatingElementHandler.invoke(LocatingElementHandler.java:51)
	at jdk.proxy2/jdk.proxy2.$Proxy15.click(Unknown Source)
	at utils.SeleniumUtils.click(SeleniumUtils.java:49)
	at commonPages.LoginPage.clickLogin(LoginPage.java:50)
	at commonPages.LoginPage.login(LoginPage.java:57)
	at base.BaseClass.doStandardLoginAndUserSwitch(BaseClass.java:87)
	at base.BaseClass.setUp(BaseClass.java:79)
	at java.base/java.util.concurrent.Executors$RunnableAdapter.call(Executors.java:572)
	at java.base/java.util.concurrent.FutureTask.run(FutureTask.java:317)
	at java.base/java.util.concurrent.ThreadPoolExecutor.runWorker(ThreadPoolExecutor.java:1144)
	at java.base/java.util.concurrent.ThreadPoolExecutor$Worker.run(ThreadPoolExecutor.java:642)
	at java.base/java.lang.Thread.run(Thread.java:1583)
... Removed 20 stack frames
</div> <!-- stack-trace -->
                  <em>
(Validate mandatory Qualification dropdown)                  </em>
                </div> <!-- method-content -->
              </div> <!-- method -->
              <div class="method">
                <div class="method-content">
                  <a name="validatePleaseEnterDuration">
                  </a> <!-- validatePleaseEnterDuration -->
                  <span class="method-name">validatePleaseEnterDuration</span>
                  <div class="stack-trace">org.openqa.selenium.StaleElementReferenceException: stale element reference: element is not attached to the page document
  (Session info: chrome=108.0.5359.124)
For documentation on this error, please visit: https://www.selenium.dev/documentation/webdriver/troubleshooting/errors#stale-element-reference-exception
Build info: version: &apos;4.35.0&apos;, revision: &apos;1c58e5028b&apos;
System info: os.name: &apos;Mac OS X&apos;, os.arch: &apos;x86_64&apos;, os.version: &apos;15.6.1&apos;, java.version: &apos;21.0.8&apos;
Driver info: org.openqa.selenium.remote.RemoteWebDriver
Command: [5b5ca24db5cd6ae3a49986bfe3b6269b, clickElement {id=58b2660c-2d60-46b9-b403-27c089767f51}]
Capabilities {acceptInsecureCerts: false, browserName: chrome, browserVersion: 108.0.5359.124, chrome: {chromedriverVersion: 108.0.5359.71 (1e0e3868ee06..., userDataDir: /tmp/.com.google.Chrome.nComOZ}, goog:chromeOptions: {debuggerAddress: localhost:34507}, networkConnectionEnabled: false, pageLoadStrategy: normal, platformName: linux, proxy: Proxy(), se:bidiEnabled: false, se:cdp: ws://172.18.0.5:4444/sessio..., se:cdpVersion: 108.0.5359.124, se:vnc: ws://172.18.0.5:4444/sessio..., se:vncEnabled: true, se:vncLocalAddress: ws://172.18.0.5:7900, setWindowRect: true, strictFileInteractability: false, timeouts: {implicit: 0, pageLoad: 300000, script: 30000}, unhandledPromptBehavior: dismiss and notify, webauthn:extension:credBlob: true, webauthn:extension:largeBlob: true, webauthn:virtualAuthenticators: true}
Element: [[RemoteWebDriver: chrome on linux (5b5ca24db5cd6ae3a49986bfe3b6269b)] -&gt; xpath: //input[@value=&apos;Login&apos;]]
Session ID: 5b5ca24db5cd6ae3a49986bfe3b6269b
	at org.openqa.selenium.remote.ErrorCodec.decode(ErrorCodec.java:167)
	at org.openqa.selenium.remote.codec.w3c.W3CHttpResponseCodec.decode(W3CHttpResponseCodec.java:138)
	at org.openqa.selenium.remote.codec.w3c.W3CHttpResponseCodec.decode(W3CHttpResponseCodec.java:50)
	at org.openqa.selenium.remote.HttpCommandExecutor.execute(HttpCommandExecutor.java:215)
	at org.openqa.selenium.remote.TracedCommandExecutor.execute(TracedCommandExecutor.java:53)
	at org.openqa.selenium.remote.RemoteWebDriver.execute(RemoteWebDriver.java:557)
	at org.openqa.selenium.remote.RemoteWebElement.execute(RemoteWebElement.java:223)
	at org.openqa.selenium.remote.RemoteWebElement.click(RemoteWebElement.java:76)
	at org.openqa.selenium.support.pagefactory.internal.LocatingElementHandler.invoke(LocatingElementHandler.java:51)
	at jdk.proxy2/jdk.proxy2.$Proxy15.click(Unknown Source)
	at utils.SeleniumUtils.click(SeleniumUtils.java:49)
	at commonPages.LoginPage.clickLogin(LoginPage.java:50)
	at commonPages.LoginPage.login(LoginPage.java:57)
	at base.BaseClass.doStandardLoginAndUserSwitch(BaseClass.java:87)
	at base.BaseClass.setUp(BaseClass.java:79)
	at java.base/java.util.concurrent.Executors$RunnableAdapter.call(Executors.java:572)
	at java.base/java.util.concurrent.FutureTask.run(FutureTask.java:317)
	at java.base/java.util.concurrent.ThreadPoolExecutor.runWorker(ThreadPoolExecutor.java:1144)
	at java.base/java.util.concurrent.ThreadPoolExecutor$Worker.run(ThreadPoolExecutor.java:642)
	at java.base/java.lang.Thread.run(Thread.java:1583)
... Removed 20 stack frames
</div> <!-- stack-trace -->
                  <em>
(Verify trainer can select up to 8 options in 'No. of Selected for this SLF Period' dropdown)                  </em>
                </div> <!-- method-content -->
              </div> <!-- method -->
              <div class="method">
                <div class="method-content">
                  <a name="validateSignCanvas">
                  </a> <!-- validateSignCanvas -->
                  <span class="method-name">validateSignCanvas</span>
                  <div class="stack-trace">org.openqa.selenium.StaleElementReferenceException: stale element reference: element is not attached to the page document
  (Session info: chrome=108.0.5359.124)
For documentation on this error, please visit: https://www.selenium.dev/documentation/webdriver/troubleshooting/errors#stale-element-reference-exception
Build info: version: &apos;4.35.0&apos;, revision: &apos;1c58e5028b&apos;
System info: os.name: &apos;Mac OS X&apos;, os.arch: &apos;x86_64&apos;, os.version: &apos;15.6.1&apos;, java.version: &apos;21.0.8&apos;
Driver info: org.openqa.selenium.remote.RemoteWebDriver
Command: [5b5ca24db5cd6ae3a49986bfe3b6269b, clickElement {id=58b2660c-2d60-46b9-b403-27c089767f51}]
Capabilities {acceptInsecureCerts: false, browserName: chrome, browserVersion: 108.0.5359.124, chrome: {chromedriverVersion: 108.0.5359.71 (1e0e3868ee06..., userDataDir: /tmp/.com.google.Chrome.nComOZ}, goog:chromeOptions: {debuggerAddress: localhost:34507}, networkConnectionEnabled: false, pageLoadStrategy: normal, platformName: linux, proxy: Proxy(), se:bidiEnabled: false, se:cdp: ws://172.18.0.5:4444/sessio..., se:cdpVersion: 108.0.5359.124, se:vnc: ws://172.18.0.5:4444/sessio..., se:vncEnabled: true, se:vncLocalAddress: ws://172.18.0.5:7900, setWindowRect: true, strictFileInteractability: false, timeouts: {implicit: 0, pageLoad: 300000, script: 30000}, unhandledPromptBehavior: dismiss and notify, webauthn:extension:credBlob: true, webauthn:extension:largeBlob: true, webauthn:virtualAuthenticators: true}
Element: [[RemoteWebDriver: chrome on linux (5b5ca24db5cd6ae3a49986bfe3b6269b)] -&gt; xpath: //input[@value=&apos;Login&apos;]]
Session ID: 5b5ca24db5cd6ae3a49986bfe3b6269b
	at org.openqa.selenium.remote.ErrorCodec.decode(ErrorCodec.java:167)
	at org.openqa.selenium.remote.codec.w3c.W3CHttpResponseCodec.decode(W3CHttpResponseCodec.java:138)
	at org.openqa.selenium.remote.codec.w3c.W3CHttpResponseCodec.decode(W3CHttpResponseCodec.java:50)
	at org.openqa.selenium.remote.HttpCommandExecutor.execute(HttpCommandExecutor.java:215)
	at org.openqa.selenium.remote.TracedCommandExecutor.execute(TracedCommandExecutor.java:53)
	at org.openqa.selenium.remote.RemoteWebDriver.execute(RemoteWebDriver.java:557)
	at org.openqa.selenium.remote.RemoteWebElement.execute(RemoteWebElement.java:223)
	at org.openqa.selenium.remote.RemoteWebElement.click(RemoteWebElement.java:76)
	at org.openqa.selenium.support.pagefactory.internal.LocatingElementHandler.invoke(LocatingElementHandler.java:51)
	at jdk.proxy2/jdk.proxy2.$Proxy15.click(Unknown Source)
	at utils.SeleniumUtils.click(SeleniumUtils.java:49)
	at commonPages.LoginPage.clickLogin(LoginPage.java:50)
	at commonPages.LoginPage.login(LoginPage.java:57)
	at base.BaseClass.doStandardLoginAndUserSwitch(BaseClass.java:87)
	at base.BaseClass.setUp(BaseClass.java:79)
	at java.base/java.util.concurrent.Executors$RunnableAdapter.call(Executors.java:572)
	at java.base/java.util.concurrent.FutureTask.run(FutureTask.java:317)
	at java.base/java.util.concurrent.ThreadPoolExecutor.runWorker(ThreadPoolExecutor.java:1144)
	at java.base/java.util.concurrent.ThreadPoolExecutor$Worker.run(ThreadPoolExecutor.java:642)
	at java.base/java.lang.Thread.run(Thread.java:1583)
... Removed 20 stack frames
</div> <!-- stack-trace -->
                  <em>
(Validate Sign canvas)                  </em>
                </div> <!-- method-content -->
              </div> <!-- method -->
              <div class="method">
                <div class="method-content">
                  <a name="verifyDeleteFunctionalityForMultipleSectors">
                  </a> <!-- verifyDeleteFunctionalityForMultipleSectors -->
                  <span class="method-name">verifyDeleteFunctionalityForMultipleSectors</span>
                  <div class="stack-trace">org.openqa.selenium.StaleElementReferenceException: stale element reference: element is not attached to the page document
  (Session info: chrome=108.0.5359.124)
For documentation on this error, please visit: https://www.selenium.dev/documentation/webdriver/troubleshooting/errors#stale-element-reference-exception
Build info: version: &apos;4.35.0&apos;, revision: &apos;1c58e5028b&apos;
System info: os.name: &apos;Mac OS X&apos;, os.arch: &apos;x86_64&apos;, os.version: &apos;15.6.1&apos;, java.version: &apos;21.0.8&apos;
Driver info: org.openqa.selenium.remote.RemoteWebDriver
Command: [5b5ca24db5cd6ae3a49986bfe3b6269b, clickElement {id=58b2660c-2d60-46b9-b403-27c089767f51}]
Capabilities {acceptInsecureCerts: false, browserName: chrome, browserVersion: 108.0.5359.124, chrome: {chromedriverVersion: 108.0.5359.71 (1e0e3868ee06..., userDataDir: /tmp/.com.google.Chrome.nComOZ}, goog:chromeOptions: {debuggerAddress: localhost:34507}, networkConnectionEnabled: false, pageLoadStrategy: normal, platformName: linux, proxy: Proxy(), se:bidiEnabled: false, se:cdp: ws://172.18.0.5:4444/sessio..., se:cdpVersion: 108.0.5359.124, se:vnc: ws://172.18.0.5:4444/sessio..., se:vncEnabled: true, se:vncLocalAddress: ws://172.18.0.5:7900, setWindowRect: true, strictFileInteractability: false, timeouts: {implicit: 0, pageLoad: 300000, script: 30000}, unhandledPromptBehavior: dismiss and notify, webauthn:extension:credBlob: true, webauthn:extension:largeBlob: true, webauthn:virtualAuthenticators: true}
Element: [[RemoteWebDriver: chrome on linux (5b5ca24db5cd6ae3a49986bfe3b6269b)] -&gt; xpath: //input[@value=&apos;Login&apos;]]
Session ID: 5b5ca24db5cd6ae3a49986bfe3b6269b
	at org.openqa.selenium.remote.ErrorCodec.decode(ErrorCodec.java:167)
	at org.openqa.selenium.remote.codec.w3c.W3CHttpResponseCodec.decode(W3CHttpResponseCodec.java:138)
	at org.openqa.selenium.remote.codec.w3c.W3CHttpResponseCodec.decode(W3CHttpResponseCodec.java:50)
	at org.openqa.selenium.remote.HttpCommandExecutor.execute(HttpCommandExecutor.java:215)
	at org.openqa.selenium.remote.TracedCommandExecutor.execute(TracedCommandExecutor.java:53)
	at org.openqa.selenium.remote.RemoteWebDriver.execute(RemoteWebDriver.java:557)
	at org.openqa.selenium.remote.RemoteWebElement.execute(RemoteWebElement.java:223)
	at org.openqa.selenium.remote.RemoteWebElement.click(RemoteWebElement.java:76)
	at org.openqa.selenium.support.pagefactory.internal.LocatingElementHandler.invoke(LocatingElementHandler.java:51)
	at jdk.proxy2/jdk.proxy2.$Proxy15.click(Unknown Source)
	at utils.SeleniumUtils.click(SeleniumUtils.java:49)
	at commonPages.LoginPage.clickLogin(LoginPage.java:50)
	at commonPages.LoginPage.login(LoginPage.java:57)
	at base.BaseClass.doStandardLoginAndUserSwitch(BaseClass.java:87)
	at base.BaseClass.setUp(BaseClass.java:79)
	at java.base/java.util.concurrent.Executors$RunnableAdapter.call(Executors.java:572)
	at java.base/java.util.concurrent.FutureTask.run(FutureTask.java:317)
	at java.base/java.util.concurrent.ThreadPoolExecutor.runWorker(ThreadPoolExecutor.java:1144)
	at java.base/java.util.concurrent.ThreadPoolExecutor$Worker.run(ThreadPoolExecutor.java:642)
	at java.base/java.lang.Thread.run(Thread.java:1583)
... Removed 20 stack frames
</div> <!-- stack-trace -->
                  <em>
(Verify Delete Functionality for Multiple Sectors)                  </em>
                </div> <!-- method-content -->
              </div> <!-- method -->
            </div> <!-- main-panel-content rounded-window-bottom -->
          </div> <!-- suite-ParallelTestSuite-class-skipped -->
          <div class="suite-ParallelTestSuite-class-passed">
            <div class="main-panel-header rounded-window-top">
              <img src="passed.png"/>
              <span class="class-name">tests.CommandUpGradeSLFTest</span>
            </div> <!-- main-panel-header rounded-window-top -->
            <div class="main-panel-content rounded-window-bottom">
              <div class="method">
                <div class="method-content">
                  <a name="shouldNotAllowFormSubmissionWhenTotalSectorsExceedsFifteen">
                  </a> <!-- shouldNotAllowFormSubmissionWhenTotalSectorsExceedsFifteen -->
                  <span class="method-name">shouldNotAllowFormSubmissionWhenTotalSectorsExceedsFifteen</span>
                  <em>
(Validate that trainer cannot submit form if Total Sectors Completed exceeds 15)                  </em>
                </div> <!-- method-content -->
              </div> <!-- method -->
              <div class="method">
                <div class="method-content">
                  <a name="shouldShowDeletePopupForMultipleSectors">
                  </a> <!-- shouldShowDeletePopupForMultipleSectors -->
                  <span class="method-name">shouldShowDeletePopupForMultipleSectors</span>
                  <em>
(Verify Delete popup for multiple sectors)                  </em>
                </div> <!-- method-content -->
              </div> <!-- method -->
            </div> <!-- main-panel-content rounded-window-bottom -->
          </div> <!-- suite-ParallelTestSuite-class-passed -->
        </div> <!-- panel ParallelTestSuite -->
        <div panel-name="test-xml-ParallelTestSuite" class="panel">
          <div class="main-panel-header rounded-window-top">
            <span class="header-content">/Users/ggipl/eclipse-workspace/AnugrahaIndigoWebAutomation/testng.xml</span>
          </div> <!-- main-panel-header rounded-window-top -->
          <div class="main-panel-content rounded-window-bottom">
            <pre>
&lt;?xml version=&quot;1.0&quot; encoding=&quot;UTF-8&quot;?&gt;
&lt;!DOCTYPE suite SYSTEM &quot;https://testng.org/testng-1.0.dtd&quot;&gt;
&lt;suite thread-count=&quot;2&quot; parallel=&quot;methods&quot; name=&quot;ParallelTestSuite&quot; guice-stage=&quot;DEVELOPMENT&quot; verbose=&quot;0&quot;&gt;
  &lt;test thread-count=&quot;2&quot; parallel=&quot;methods&quot; name=&quot;ParallelTests&quot; verbose=&quot;0&quot;&gt;
    &lt;classes&gt;
      &lt;class name=&quot;tests.CommandUpGradeSLFTest&quot;/&gt;
    &lt;/classes&gt;
  &lt;/test&gt; &lt;!-- ParallelTests --&gt;
&lt;/suite&gt; &lt;!-- ParallelTestSuite --&gt;
            </pre>
          </div> <!-- main-panel-content rounded-window-bottom -->
        </div> <!-- panel -->
        <div panel-name="testlist-ParallelTestSuite" class="panel">
          <div class="main-panel-header rounded-window-top">
            <span class="header-content">Tests for ParallelTestSuite</span>
          </div> <!-- main-panel-header rounded-window-top -->
          <div class="main-panel-content rounded-window-bottom">
            <ul>
              <li>
                <span class="test-name">ParallelTests (1 class)</span>
              </li>
            </ul>
          </div> <!-- main-panel-content rounded-window-bottom -->
        </div> <!-- panel -->
        <div panel-name="group-ParallelTestSuite" class="panel">
          <div class="main-panel-header rounded-window-top">
            <span class="header-content">Groups for ParallelTestSuite</span>
          </div> <!-- main-panel-header rounded-window-top -->
          <div class="main-panel-content rounded-window-bottom">
          </div> <!-- main-panel-content rounded-window-bottom -->
        </div> <!-- panel -->
        <div panel-name="times-ParallelTestSuite" class="panel">
          <div class="main-panel-header rounded-window-top">
            <span class="header-content">Times for ParallelTestSuite</span>
          </div> <!-- main-panel-header rounded-window-top -->
          <div class="main-panel-content rounded-window-bottom">
            <div class="times-div">
              <script type="text/javascript">
suiteTableInitFunctions.push('tableData_ParallelTestSuite');
function tableData_ParallelTestSuite() {
var data = new google.visualization.DataTable();
data.addColumn('number', 'Number');
data.addColumn('string', 'Method');
data.addColumn('string', 'Class');
data.addColumn('number', 'Time (ms)');
data.addRows(27);
data.setCell(0, 0, 0)
data.setCell(0, 1, 'shouldAllowManualSelectionOfCompetentOrNotYetCompetentForValue2')
data.setCell(0, 2, 'tests.CommandUpGradeSLFTest')
data.setCell(0, 3, 267633);
data.setCell(1, 0, 1)
data.setCell(1, 1, 'shouldAllowNavigationFromSectorsToSyllabusAfterFillingData')
data.setCell(1, 2, 'tests.CommandUpGradeSLFTest')
data.setCell(1, 3, 235502);
data.setCell(2, 0, 2)
data.setCell(2, 1, 'shouldAutoSelectNotYetCompetentForValue1AndHandleOBs')
data.setCell(2, 2, 'tests.CommandUpGradeSLFTest')
data.setCell(2, 3, 171866);
data.setCell(3, 0, 3)
data.setCell(3, 1, 'shouldCloseDelayCommentPopupUsingCloseButtonAndXIcon')
data.setCell(3, 2, 'tests.CommandUpGradeSLFTest')
data.setCell(3, 3, 158854);
data.setCell(4, 0, 4)
data.setCell(4, 1, 'shouldShowDeletePopupForMultipleSectors')
data.setCell(4, 2, 'tests.CommandUpGradeSLFTest')
data.setCell(4, 3, 154369);
data.setCell(5, 0, 5)
data.setCell(5, 1, 'shouldNotDeleteOnlyRowInSectorDetails')
data.setCell(5, 2, 'tests.CommandUpGradeSLFTest')
data.setCell(5, 3, 142305);
data.setCell(6, 0, 6)
data.setCell(6, 1, 'shouldAutoSelectCompetentAndDisableNotYetCompetent')
data.setCell(6, 2, 'tests.CommandUpGradeSLFTest')
data.setCell(6, 3, 139589);
data.setCell(7, 0, 7)
data.setCell(7, 1, 'shouldShowErrorPopupWhenAircraftTypeFieldIsEmptyOnSave')
data.setCell(7, 2, 'tests.CommandUpGradeSLFTest')
data.setCell(7, 3, 81272);
data.setCell(8, 0, 8)
data.setCell(8, 1, 'shouldShowErrorPopupWhenFromFieldIsEmptyOnSave')
data.setCell(8, 2, 'tests.CommandUpGradeSLFTest')
data.setCell(8, 3, 41223);
data.setCell(9, 0, 9)
data.setCell(9, 1, 'shouldNotAllowFormSubmissionWhenTotalSectorsExceedsFifteen')
data.setCell(9, 2, 'tests.CommandUpGradeSLFTest')
data.setCell(9, 3, 10945);
data.setCell(10, 0, 10)
data.setCell(10, 1, 'validatePleaseEnterDuration')
data.setCell(10, 2, 'tests.CommandUpGradeSLFTest')
data.setCell(10, 3, 0);
data.setCell(11, 0, 11)
data.setCell(11, 1, 'shouldShowErrorPopupWhenNavigatingFromManageSectorsToSyllabusWithoutCompletingFields')
data.setCell(11, 2, 'tests.CommandUpGradeSLFTest')
data.setCell(11, 3, 0);
data.setCell(12, 0, 12)
data.setCell(12, 1, 'shouldShowErrorWhenDelayCommentIsEmpty')
data.setCell(12, 2, 'tests.CommandUpGradeSLFTest')
data.setCell(12, 3, 0);
data.setCell(13, 0, 13)
data.setCell(13, 1, 'validateCommentRequirementAndRadioSelectionAcrossAllSections')
data.setCell(13, 2, 'tests.CommandUpGradeSLFTest')
data.setCell(13, 3, 0);
data.setCell(14, 0, 14)
data.setCell(14, 1, 'shouldShowPopupWhenSyllabusToggleIsDefaultOnNext')
data.setCell(14, 2, 'tests.CommandUpGradeSLFTest')
data.setCell(14, 3, 0);
data.setCell(15, 0, 15)
data.setCell(15, 1, 'validateDataSubmissionPopup')
data.setCell(15, 2, 'tests.CommandUpGradeSLFTest')
data.setCell(15, 3, 0);
data.setCell(16, 0, 16)
data.setCell(16, 1, 'validateMandatoryOverallCommentsForNotYetCompetent')
data.setCell(16, 2, 'tests.CommandUpGradeSLFTest')
data.setCell(16, 3, 0);
data.setCell(17, 0, 17)
data.setCell(17, 1, 'shouldShowErrorPopupWhenPMorPFNotSelectedOnSave')
data.setCell(17, 2, 'tests.CommandUpGradeSLFTest')
data.setCell(17, 3, 0);
data.setCell(18, 0, 18)
data.setCell(18, 1, 'shouldShowErrorPopupWhenToFieldIsEmptyOnSave')
data.setCell(18, 2, 'tests.CommandUpGradeSLFTest')
data.setCell(18, 3, 0);
data.setCell(19, 0, 19)
data.setCell(19, 1, 'shouldShowErrorPopupWhenSwitchingFromGradingToOutcomeWithoutSaving')
data.setCell(19, 2, 'tests.CommandUpGradeSLFTest')
data.setCell(19, 3, 0);
data.setCell(20, 0, 20)
data.setCell(20, 1, 'verifyDeleteFunctionalityForMultipleSectors')
data.setCell(20, 2, 'tests.CommandUpGradeSLFTest')
data.setCell(20, 3, 0);
data.setCell(21, 0, 21)
data.setCell(21, 1, 'validateMandatoryQualificationDropdown')
data.setCell(21, 2, 'tests.CommandUpGradeSLFTest')
data.setCell(21, 3, 0);
data.setCell(22, 0, 22)
data.setCell(22, 1, 'validateSignCanvas')
data.setCell(22, 2, 'tests.CommandUpGradeSLFTest')
data.setCell(22, 3, 0);
data.setCell(23, 0, 23)
data.setCell(23, 1, 'shouldShowErrorPopupWhenDurationFieldIsEmpty')
data.setCell(23, 2, 'tests.CommandUpGradeSLFTest')
data.setCell(23, 3, 0);
data.setCell(24, 0, 24)
data.setCell(24, 1, 'validateErrorWhenNoCompetentSelectionAfterAddingOBs')
data.setCell(24, 2, 'tests.CommandUpGradeSLFTest')
data.setCell(24, 3, 0);
data.setCell(25, 0, 25)
data.setCell(25, 1, 'shouldShowErrorWhenAddingCommentsWithoutSelectingOBs')
data.setCell(25, 2, 'tests.CommandUpGradeSLFTest')
data.setCell(25, 3, 0);
data.setCell(26, 0, 26)
data.setCell(26, 1, 'shouldShowErrorPopupWhenRegNoFieldIsEmptyOnSave')
data.setCell(26, 2, 'tests.CommandUpGradeSLFTest')
data.setCell(26, 3, 0);
window.suiteTableData['ParallelTestSuite']= { tableData: data, tableDiv: 'times-div-ParallelTestSuite'}
return data;
}
              </script>
              <span class="suite-total-time">Total running time: 23 minutes</span>
              <div id="times-div-ParallelTestSuite">
              </div> <!-- times-div-ParallelTestSuite -->
            </div> <!-- times-div -->
          </div> <!-- main-panel-content rounded-window-bottom -->
        </div> <!-- panel -->
        <div panel-name="reporter-ParallelTestSuite" class="panel">
          <div class="main-panel-header rounded-window-top">
            <span class="header-content">Reporter output for ParallelTestSuite</span>
          </div> <!-- main-panel-header rounded-window-top -->
          <div class="main-panel-content rounded-window-bottom">
          </div> <!-- main-panel-content rounded-window-bottom -->
        </div> <!-- panel -->
        <div panel-name="ignored-methods-ParallelTestSuite" class="panel">
          <div class="main-panel-header rounded-window-top">
            <span class="header-content">0 ignored methods</span>
          </div> <!-- main-panel-header rounded-window-top -->
          <div class="main-panel-content rounded-window-bottom">
          </div> <!-- main-panel-content rounded-window-bottom -->
        </div> <!-- panel -->
        <div panel-name="chronological-ParallelTestSuite" class="panel">
          <div class="main-panel-header rounded-window-top">
            <span class="header-content">Methods in chronological order</span>
          </div> <!-- main-panel-header rounded-window-top -->
          <div class="main-panel-content rounded-window-bottom">
            <div class="chronological-class">
              <div class="chronological-class-name">tests.CommandUpGradeSLFTest</div> <!-- chronological-class-name -->
              <div class="configuration-suite before">
                <span class="method-name">setUpExtent</span>
                <span class="method-start">0 ms</span>
              </div> <!-- configuration-suite before -->
              <div class="configuration-method before">
                <span class="method-name">setUp(chrome, false)</span>
                <span class="method-start">249 ms</span>
              </div> <!-- configuration-method before -->
              <div class="configuration-method before">
                <span class="method-name">setUp(chrome, false)</span>
                <span class="method-start">249 ms</span>
              </div> <!-- configuration-method before -->
              <div class="configuration-method before">
                <span class="method-name">initPages</span>
                <span class="method-start">10035 ms</span>
              </div> <!-- configuration-method before -->
              <div class="test-method">
                <img src="failed.png">
                </img>
                <span class="method-name">shouldAllowNavigationFromSectorsToSyllabusAfterFillingData</span>
                <span class="method-start">10094 ms</span>
              </div> <!-- test-method -->
              <div class="configuration-method before">
                <span class="method-name">initPages</span>
                <span class="method-start">21300 ms</span>
              </div> <!-- configuration-method before -->
              <div class="test-method">
                <img src="failed.png">
                </img>
                <span class="method-name">shouldAllowManualSelectionOfCompetentOrNotYetCompetentForValue2</span>
                <span class="method-start">21304 ms</span>
              </div> <!-- test-method -->
              <div class="configuration-method after">
                <span class="method-name">tearDown([TestResult name=shouldAllowNavigationFromSectorsToSyllabusAfterFillingData status=FAILURE method=Co...)</span>
                <span class="method-start">245600 ms</span>
              </div> <!-- configuration-method after -->
              <div class="configuration-method before">
                <span class="method-name">setUp(chrome, false)</span>
                <span class="method-start">245885 ms</span>
              </div> <!-- configuration-method before -->
              <div class="configuration-method before">
                <span class="method-name">initPages</span>
                <span class="method-start">251987 ms</span>
              </div> <!-- configuration-method before -->
              <div class="test-method">
                <img src="failed.png">
                </img>
                <span class="method-name">shouldAutoSelectCompetentAndDisableNotYetCompetent</span>
                <span class="method-start">251991 ms</span>
              </div> <!-- test-method -->
              <div class="configuration-method after">
                <span class="method-name">tearDown([TestResult name=shouldAllowManualSelectionOfCompetentOrNotYetCompetentForValue2 status=FAILURE meth...)</span>
                <span class="method-start">288938 ms</span>
              </div> <!-- configuration-method after -->
              <div class="configuration-method before">
                <span class="method-name">setUp(chrome, false)</span>
                <span class="method-start">289175 ms</span>
              </div> <!-- configuration-method before -->
              <div class="configuration-method before">
                <span class="method-name">initPages</span>
                <span class="method-start">294099 ms</span>
              </div> <!-- configuration-method before -->
              <div class="test-method">
                <img src="failed.png">
                </img>
                <span class="method-name">shouldAutoSelectNotYetCompetentForValue1AndHandleOBs</span>
                <span class="method-start">294102 ms</span>
              </div> <!-- test-method -->
              <div class="configuration-method after">
                <span class="method-name">tearDown([TestResult name=shouldAutoSelectCompetentAndDisableNotYetCompetent status=FAILURE method=CommandUpG...)</span>
                <span class="method-start">391582 ms</span>
              </div> <!-- configuration-method after -->
              <div class="configuration-method before">
                <span class="method-name">setUp(chrome, false)</span>
                <span class="method-start">391861 ms</span>
              </div> <!-- configuration-method before -->
              <div class="configuration-method before">
                <span class="method-name">initPages</span>
                <span class="method-start">396760 ms</span>
              </div> <!-- configuration-method before -->
              <div class="test-method">
                <img src="failed.png">
                </img>
                <span class="method-name">shouldCloseDelayCommentPopupUsingCloseButtonAndXIcon</span>
                <span class="method-start">396764 ms</span>
              </div> <!-- test-method -->
              <div class="configuration-method after">
                <span class="method-name">tearDown([TestResult name=shouldAutoSelectNotYetCompetentForValue1AndHandleOBs status=FAILURE method=CommandU...)</span>
                <span class="method-start">465969 ms</span>
              </div> <!-- configuration-method after -->
              <div class="configuration-method before">
                <span class="method-name">setUp(chrome, false)</span>
                <span class="method-start">466217 ms</span>
              </div> <!-- configuration-method before -->
              <div class="configuration-method before">
                <span class="method-name">initPages</span>
                <span class="method-start">471850 ms</span>
              </div> <!-- configuration-method before -->
              <div class="test-method">
                <span class="method-name">shouldNotAllowFormSubmissionWhenTotalSectorsExceedsFifteen</span>
                <span class="method-start">471851 ms</span>
              </div> <!-- test-method -->
              <div class="configuration-method after">
                <span class="method-name">tearDown([TestResult name=shouldNotAllowFormSubmissionWhenTotalSectorsExceedsFifteen status=SUCCESS method=Co...)</span>
                <span class="method-start">482796 ms</span>
              </div> <!-- configuration-method after -->
              <div class="configuration-method before">
                <span class="method-name">setUp(chrome, false)</span>
                <span class="method-start">482883 ms</span>
              </div> <!-- configuration-method before -->
              <div class="configuration-method before">
                <span class="method-name">initPages</span>
                <span class="method-start">487685 ms</span>
              </div> <!-- configuration-method before -->
              <div class="test-method">
                <img src="failed.png">
                </img>
                <span class="method-name">shouldNotDeleteOnlyRowInSectorDetails</span>
                <span class="method-start">487687 ms</span>
              </div> <!-- test-method -->
              <div class="configuration-method after">
                <span class="method-name">tearDown([TestResult name=shouldCloseDelayCommentPopupUsingCloseButtonAndXIcon status=FAILURE method=CommandU...)</span>
                <span class="method-start">555619 ms</span>
              </div> <!-- configuration-method after -->
              <div class="configuration-method before">
                <span class="method-name">setUp(chrome, false)</span>
                <span class="method-start">555926 ms</span>
              </div> <!-- configuration-method before -->
              <div class="configuration-method before">
                <span class="method-name">initPages</span>
                <span class="method-start">562082 ms</span>
              </div> <!-- configuration-method before -->
              <div class="test-method">
                <span class="method-name">shouldShowDeletePopupForMultipleSectors</span>
                <span class="method-start">562083 ms</span>
              </div> <!-- test-method -->
              <div class="configuration-method after">
                <span class="method-name">tearDown([TestResult name=shouldNotDeleteOnlyRowInSectorDetails status=FAILURE method=CommandUpGradeSLFTest.s...)</span>
                <span class="method-start">629992 ms</span>
              </div> <!-- configuration-method after -->
              <div class="configuration-method before">
                <span class="method-name">setUp(chrome, false)</span>
                <span class="method-start">630268 ms</span>
              </div> <!-- configuration-method before -->
              <div class="configuration-method before">
                <span class="method-name">initPages</span>
                <span class="method-start">634878 ms</span>
              </div> <!-- configuration-method before -->
              <div class="test-method">
                <img src="failed.png">
                </img>
                <span class="method-name">shouldShowErrorPopupWhenAircraftTypeFieldIsEmptyOnSave</span>
                <span class="method-start">634879 ms</span>
              </div> <!-- test-method -->
              <div class="configuration-method after">
                <span class="method-name">tearDown([TestResult name=shouldShowErrorPopupWhenAircraftTypeFieldIsEmptyOnSave status=FAILURE method=Comman...)</span>
                <span class="method-start">716152 ms</span>
              </div> <!-- configuration-method after -->
              <div class="configuration-method before">
                <img src="failed.png">
                </img>
                <span class="method-name">setUp(chrome, false)</span>
                <span class="method-start">716388 ms</span>
              </div> <!-- configuration-method before -->
              <div class="configuration-method after">
                <span class="method-name">tearDown([TestResult name=shouldShowDeletePopupForMultipleSectors status=SUCCESS method=CommandUpGradeSLFTest...)</span>
                <span class="method-start">716452 ms</span>
              </div> <!-- configuration-method after -->
              <div class="configuration-method before">
                <span class="method-name">setUp(chrome, false)</span>
                <span class="method-start">716557 ms</span>
              </div> <!-- configuration-method before -->
              <div class="configuration-method before">
                <span class="method-name">initPages</span>
                <span class="method-start">726432 ms</span>
              </div> <!-- configuration-method before -->
              <div class="test-method">
                <img src="failed.png">
                </img>
                <span class="method-name">shouldShowErrorPopupWhenFromFieldIsEmptyOnSave</span>
                <span class="method-start">726434 ms</span>
              </div> <!-- test-method -->
              <div class="configuration-method before">
                <span class="method-name">initPages</span>
                <span class="method-start">726443 ms</span>
              </div> <!-- configuration-method before -->
              <div class="configuration-method after">
                <span class="method-name">tearDown([TestResult name=shouldShowErrorPopupWhenDurationFieldIsEmpty status=SKIP method=CommandUpGradeSLFTe...)</span>
                <span class="method-start">726448 ms</span>
              </div> <!-- configuration-method after -->
              <div class="configuration-method before">
                <span class="method-name">setUp(chrome, false)</span>
                <span class="method-start">726582 ms</span>
              </div> <!-- configuration-method before -->
              <div class="configuration-method before">
                <span class="method-name">initPages</span>
                <span class="method-start">731325 ms</span>
              </div> <!-- configuration-method before -->
              <div class="configuration-method after">
                <span class="method-name">tearDown([TestResult name=shouldShowErrorPopupWhenNavigatingFromManageSectorsToSyllabusWithoutCompletingField...)</span>
                <span class="method-start">731327 ms</span>
              </div> <!-- configuration-method after -->
              <div class="configuration-method before">
                <span class="method-name">setUp(chrome, false)</span>
                <span class="method-start">731407 ms</span>
              </div> <!-- configuration-method before -->
              <div class="configuration-method before">
                <span class="method-name">initPages</span>
                <span class="method-start">736275 ms</span>
              </div> <!-- configuration-method before -->
              <div class="configuration-method after">
                <span class="method-name">tearDown([TestResult name=shouldShowErrorPopupWhenPMorPFNotSelectedOnSave status=SKIP method=CommandUpGradeSL...)</span>
                <span class="method-start">736277 ms</span>
              </div> <!-- configuration-method after -->
              <div class="configuration-method before">
                <span class="method-name">setUp(chrome, false)</span>
                <span class="method-start">736381 ms</span>
              </div> <!-- configuration-method before -->
              <div class="configuration-method before">
                <span class="method-name">initPages</span>
                <span class="method-start">741439 ms</span>
              </div> <!-- configuration-method before -->
              <div class="configuration-method after">
                <span class="method-name">tearDown([TestResult name=shouldShowErrorPopupWhenRegNoFieldIsEmptyOnSave status=SKIP method=CommandUpGradeSL...)</span>
                <span class="method-start">741441 ms</span>
              </div> <!-- configuration-method after -->
              <div class="configuration-method before">
                <span class="method-name">setUp(chrome, false)</span>
                <span class="method-start">741564 ms</span>
              </div> <!-- configuration-method before -->
              <div class="configuration-method before">
                <span class="method-name">initPages</span>
                <span class="method-start">746432 ms</span>
              </div> <!-- configuration-method before -->
              <div class="configuration-method after">
                <span class="method-name">tearDown([TestResult name=shouldShowErrorPopupWhenSwitchingFromGradingToOutcomeWithoutSaving status=SKIP meth...)</span>
                <span class="method-start">746434 ms</span>
              </div> <!-- configuration-method after -->
              <div class="configuration-method before">
                <span class="method-name">setUp(chrome, false)</span>
                <span class="method-start">746534 ms</span>
              </div> <!-- configuration-method before -->
              <div class="configuration-method before">
                <span class="method-name">initPages</span>
                <span class="method-start">750685 ms</span>
              </div> <!-- configuration-method before -->
              <div class="configuration-method after">
                <span class="method-name">tearDown([TestResult name=shouldShowErrorPopupWhenToFieldIsEmptyOnSave status=SKIP method=CommandUpGradeSLFTe...)</span>
                <span class="method-start">750687 ms</span>
              </div> <!-- configuration-method after -->
              <div class="configuration-method before">
                <span class="method-name">setUp(chrome, false)</span>
                <span class="method-start">750793 ms</span>
              </div> <!-- configuration-method before -->
              <div class="configuration-method before">
                <span class="method-name">initPages</span>
                <span class="method-start">755072 ms</span>
              </div> <!-- configuration-method before -->
              <div class="configuration-method after">
                <span class="method-name">tearDown([TestResult name=shouldShowErrorWhenAddingCommentsWithoutSelectingOBs status=SKIP method=CommandUpGr...)</span>
                <span class="method-start">755073 ms</span>
              </div> <!-- configuration-method after -->
              <div class="configuration-method before">
                <span class="method-name">setUp(chrome, false)</span>
                <span class="method-start">755162 ms</span>
              </div> <!-- configuration-method before -->
              <div class="configuration-method before">
                <span class="method-name">initPages</span>
                <span class="method-start">761112 ms</span>
              </div> <!-- configuration-method before -->
              <div class="configuration-method after">
                <span class="method-name">tearDown([TestResult name=shouldShowErrorWhenDelayCommentIsEmpty status=SKIP method=CommandUpGradeSLFTest.sho...)</span>
                <span class="method-start">761114 ms</span>
              </div> <!-- configuration-method after -->
              <div class="configuration-method before">
                <span class="method-name">setUp(chrome, false)</span>
                <span class="method-start">761211 ms</span>
              </div> <!-- configuration-method before -->
              <div class="configuration-method before">
                <span class="method-name">initPages</span>
                <span class="method-start">765530 ms</span>
              </div> <!-- configuration-method before -->
              <div class="configuration-method after">
                <span class="method-name">tearDown([TestResult name=shouldShowPopupWhenSyllabusToggleIsDefaultOnNext status=SKIP method=CommandUpGradeS...)</span>
                <span class="method-start">765532 ms</span>
              </div> <!-- configuration-method after -->
              <div class="configuration-method before">
                <span class="method-name">setUp(chrome, false)</span>
                <span class="method-start">765620 ms</span>
              </div> <!-- configuration-method before -->
              <div class="configuration-method after">
                <span class="method-name">tearDown([TestResult name=shouldShowErrorPopupWhenFromFieldIsEmptyOnSave status=FAILURE method=CommandUpGrade...)</span>
                <span class="method-start">767658 ms</span>
              </div> <!-- configuration-method after -->
              <div class="configuration-method before">
                <span class="method-name">setUp(chrome, false)</span>
                <span class="method-start">768099 ms</span>
              </div> <!-- configuration-method before -->
              <div class="configuration-method before">
                <span class="method-name">initPages</span>
                <span class="method-start">770539 ms</span>
              </div> <!-- configuration-method before -->
              <div class="configuration-method after">
                <span class="method-name">tearDown([TestResult name=validateCommentRequirementAndRadioSelectionAcrossAllSections status=SKIP method=Com...)</span>
                <span class="method-start">770541 ms</span>
              </div> <!-- configuration-method after -->
              <div class="configuration-method before">
                <span class="method-name">setUp(chrome, false)</span>
                <span class="method-start">770643 ms</span>
              </div> <!-- configuration-method before -->
              <div class="configuration-method before">
                <span class="method-name">initPages</span>
                <span class="method-start">773414 ms</span>
              </div> <!-- configuration-method before -->
              <div class="configuration-method after">
                <span class="method-name">tearDown([TestResult name=validateDataSubmissionPopup status=SKIP method=CommandUpGradeSLFTest.validateDataSu...)</span>
                <span class="method-start">773416 ms</span>
              </div> <!-- configuration-method after -->
              <div class="configuration-method before">
                <span class="method-name">setUp(chrome, false)</span>
                <span class="method-start">773528 ms</span>
              </div> <!-- configuration-method before -->
              <div class="configuration-method before">
                <span class="method-name">initPages</span>
                <span class="method-start">776909 ms</span>
              </div> <!-- configuration-method before -->
              <div class="configuration-method after">
                <span class="method-name">tearDown([TestResult name=validateErrorWhenNoCompetentSelectionAfterAddingOBs status=SKIP method=CommandUpGra...)</span>
                <span class="method-start">776911 ms</span>
              </div> <!-- configuration-method after -->
              <div class="configuration-method before">
                <span class="method-name">setUp(chrome, false)</span>
                <span class="method-start">776998 ms</span>
              </div> <!-- configuration-method before -->
              <div class="configuration-method before">
                <span class="method-name">initPages</span>
                <span class="method-start">780279 ms</span>
              </div> <!-- configuration-method before -->
              <div class="configuration-method after">
                <span class="method-name">tearDown([TestResult name=validateMandatoryOverallCommentsForNotYetCompetent status=SKIP method=CommandUpGrad...)</span>
                <span class="method-start">780281 ms</span>
              </div> <!-- configuration-method after -->
              <div class="configuration-method before">
                <img src="failed.png">
                </img>
                <span class="method-name">setUp(chrome, false)</span>
                <span class="method-start">780425 ms</span>
              </div> <!-- configuration-method before -->
              <div class="configuration-method before">
                <span class="method-name">initPages</span>
                <span class="method-start">784558 ms</span>
              </div> <!-- configuration-method before -->
              <div class="configuration-method after">
                <span class="method-name">tearDown([TestResult name=validateMandatoryQualificationDropdown status=SKIP method=CommandUpGradeSLFTest.val...)</span>
                <span class="method-start">784559 ms</span>
              </div> <!-- configuration-method after -->
              <div class="configuration-method before">
                <span class="method-name">setUp(chrome, false)</span>
                <span class="method-start">784647 ms</span>
              </div> <!-- configuration-method before -->
              <div class="configuration-method before">
                <span class="method-name">initPages</span>
                <span class="method-start">788809 ms</span>
              </div> <!-- configuration-method before -->
              <div class="configuration-method after">
                <span class="method-name">tearDown([TestResult name=validateSignCanvas status=SKIP method=CommandUpGradeSLFTest.validateSignCanvas()[pr...)</span>
                <span class="method-start">788810 ms</span>
              </div> <!-- configuration-method after -->
              <div class="configuration-method before">
                <span class="method-name">initPages</span>
                <span class="method-start">788820 ms</span>
              </div> <!-- configuration-method before -->
              <div class="configuration-method after">
                <span class="method-name">tearDown([TestResult name=validatePleaseEnterDuration status=SKIP method=CommandUpGradeSLFTest.validatePlease...)</span>
                <span class="method-start">788821 ms</span>
              </div> <!-- configuration-method after -->
              <div class="configuration-method before">
                <span class="method-name">setUp(chrome, false)</span>
                <span class="method-start">788901 ms</span>
              </div> <!-- configuration-method before -->
              <div class="configuration-method before">
                <span class="method-name">initPages</span>
                <span class="method-start">793182 ms</span>
              </div> <!-- configuration-method before -->
              <div class="configuration-method after">
                <span class="method-name">tearDown([TestResult name=verifyDeleteFunctionalityForMultipleSectors status=SKIP method=CommandUpGradeSLFTes...)</span>
                <span class="method-start">793183 ms</span>
              </div> <!-- configuration-method after -->
              <div class="configuration-suite after">
                <span class="method-name">tearDownExtent</span>
                <span class="method-start">793332 ms</span>
              </div> <!-- configuration-suite after -->
          </div> <!-- main-panel-content rounded-window-bottom -->
        </div> <!-- panel -->
      </div> <!-- main-panel-root -->
    </div> <!-- wrapper -->
  </body>
<script type="text/javascript" src="testng-reports2.js"></script>
</html>
